This is pdfTeX, Version 3.141592653-2.6-1.40.25 (TeX Live 2023/Arch Linux) (preloaded format=pdflatex 2023.9.5)  15 OCT 2023 20:37
entering extended mode
 restricted \write18 enabled.
 %&-line parsing enabled.
**\nonstopmode\input main.tex
(./main.tex (/usr/share/texmf-dist/tex/latex/base/article.cls
Document Class: article 2022/07/02 v1.4n Standard LaTeX document class
(/usr/share/texmf-dist/tex/latex/base/size10.clo
File: size10.clo 2022/07/02 v1.4n Standard LaTeX file (size option)
)
\c@part=\count185
\c@section=\count186
\c@subsection=\count187
\c@subsubsection=\count188
\c@paragraph=\count189
\c@subparagraph=\count190
\c@figure=\count191
\c@table=\count192
\abovecaptionskip=\skip48
\belowcaptionskip=\skip49
\bibindent=\dimen140
)
(/usr/share/texmf-dist/tex/latex/base/inputenc.sty
Package: inputenc 2021/02/14 v1.3d Input encoding file
\inpenc@prehook=\toks16
\inpenc@posthook=\toks17
)
(/usr/share/texmf-dist/tex/latex/makecell/makecell.sty
Package: makecell 2009/08/03 V0.1e Managing of Tab Column Heads and Cells

(/usr/share/texmf-dist/tex/latex/tools/array.sty
Package: array 2022/09/04 v2.5g Tabular extension package (FMi)
\col@sep=\dimen141
\ar@mcellbox=\box51
\extrarowheight=\dimen142
\NC@list=\toks18
\extratabsurround=\skip50
\backup@length=\skip51
\ar@cellbox=\box52
)
\rotheadsize=\dimen143
\c@nlinenum=\count193
\TeXr@lab=\toks19
)
(/usr/share/texmf-dist/tex/latex/pgf/frontendlayer/tikz.sty
(/usr/share/texmf-dist/tex/latex/pgf/basiclayer/pgf.sty
(/usr/share/texmf-dist/tex/latex/pgf/utilities/pgfrcs.sty
(/usr/share/texmf-dist/tex/generic/pgf/utilities/pgfutil-common.tex
\pgfutil@everybye=\toks20
\pgfutil@tempdima=\dimen144
\pgfutil@tempdimb=\dimen145
)
(/usr/share/texmf-dist/tex/generic/pgf/utilities/pgfutil-latex.def
\pgfutil@abb=\box53
)
(/usr/share/texmf-dist/tex/generic/pgf/utilities/pgfrcs.code.tex
(/usr/share/texmf-dist/tex/generic/pgf/pgf.revision.tex)
Package: pgfrcs 2023-01-15 v3.1.10 (3.1.10)
))
Package: pgf 2023-01-15 v3.1.10 (3.1.10)

(/usr/share/texmf-dist/tex/latex/pgf/basiclayer/pgfcore.sty
(/usr/share/texmf-dist/tex/latex/graphics/graphicx.sty
Package: graphicx 2021/09/16 v1.2d Enhanced LaTeX Graphics (DPC,SPQR)

(/usr/share/texmf-dist/tex/latex/graphics/keyval.sty
Package: keyval 2022/05/29 v1.15 key=value parser (DPC)
\KV@toks@=\toks21
)
(/usr/share/texmf-dist/tex/latex/graphics/graphics.sty
Package: graphics 2022/03/10 v1.4e Standard LaTeX Graphics (DPC,SPQR)

(/usr/share/texmf-dist/tex/latex/graphics/trig.sty
Package: trig 2021/08/11 v1.11 sin cos tan (DPC)
)
(/usr/share/texmf-dist/tex/latex/graphics-cfg/graphics.cfg
File: graphics.cfg 2016/06/04 v1.11 sample graphics configuration
)
Package graphics Info: Driver file: pdftex.def on input line 107.

(/usr/share/texmf-dist/tex/latex/graphics-def/pdftex.def
File: pdftex.def 2022/09/22 v1.2b Graphics/color driver for pdftex
))
\Gin@req@height=\dimen146
\Gin@req@width=\dimen147
)
(/usr/share/texmf-dist/tex/latex/pgf/systemlayer/pgfsys.sty
(/usr/share/texmf-dist/tex/generic/pgf/systemlayer/pgfsys.code.tex
Package: pgfsys 2023-01-15 v3.1.10 (3.1.10)

(/usr/share/texmf-dist/tex/generic/pgf/utilities/pgfkeys.code.tex
\pgfkeys@pathtoks=\toks22
\pgfkeys@temptoks=\toks23

(/usr/share/texmf-dist/tex/generic/pgf/utilities/pgfkeyslibraryfiltered.code.te
x
\pgfkeys@tmptoks=\toks24
))
\pgf@x=\dimen148
\pgf@y=\dimen149
\pgf@xa=\dimen150
\pgf@ya=\dimen151
\pgf@xb=\dimen152
\pgf@yb=\dimen153
\pgf@xc=\dimen154
\pgf@yc=\dimen155
\pgf@xd=\dimen156
\pgf@yd=\dimen157
\w@pgf@writea=\write3
\r@pgf@reada=\read2
\c@pgf@counta=\count194
\c@pgf@countb=\count195
\c@pgf@countc=\count196
\c@pgf@countd=\count197
\t@pgf@toka=\toks25
\t@pgf@tokb=\toks26
\t@pgf@tokc=\toks27
\pgf@sys@id@count=\count198
 (/usr/share/texmf-dist/tex/generic/pgf/systemlayer/pgf.cfg
File: pgf.cfg 2023-01-15 v3.1.10 (3.1.10)
)
Driver file for pgf: pgfsys-pdftex.def

(/usr/share/texmf-dist/tex/generic/pgf/systemlayer/pgfsys-pdftex.def
File: pgfsys-pdftex.def 2023-01-15 v3.1.10 (3.1.10)

(/usr/share/texmf-dist/tex/generic/pgf/systemlayer/pgfsys-common-pdf.def
File: pgfsys-common-pdf.def 2023-01-15 v3.1.10 (3.1.10)
)))
(/usr/share/texmf-dist/tex/generic/pgf/systemlayer/pgfsyssoftpath.code.tex
File: pgfsyssoftpath.code.tex 2023-01-15 v3.1.10 (3.1.10)
\pgfsyssoftpath@smallbuffer@items=\count199
\pgfsyssoftpath@bigbuffer@items=\count266
)
(/usr/share/texmf-dist/tex/generic/pgf/systemlayer/pgfsysprotocol.code.tex
File: pgfsysprotocol.code.tex 2023-01-15 v3.1.10 (3.1.10)
))
(/usr/share/texmf-dist/tex/latex/xcolor/xcolor.sty
Package: xcolor 2022/06/12 v2.14 LaTeX color extensions (UK)

(/usr/share/texmf-dist/tex/latex/graphics-cfg/color.cfg
File: color.cfg 2016/01/02 v1.6 sample color configuration
)
Package xcolor Info: Driver file: pdftex.def on input line 227.

(/usr/share/texmf-dist/tex/latex/graphics/mathcolor.ltx)
Package xcolor Info: Model `cmy' substituted by `cmy0' on input line 1353.
Package xcolor Info: Model `hsb' substituted by `rgb' on input line 1357.
Package xcolor Info: Model `RGB' extended on input line 1369.
Package xcolor Info: Model `HTML' substituted by `rgb' on input line 1371.
Package xcolor Info: Model `Hsb' substituted by `hsb' on input line 1372.
Package xcolor Info: Model `tHsb' substituted by `hsb' on input line 1373.
Package xcolor Info: Model `HSB' substituted by `hsb' on input line 1374.
Package xcolor Info: Model `Gray' substituted by `gray' on input line 1375.
Package xcolor Info: Model `wave' substituted by `hsb' on input line 1376.
)
(/usr/share/texmf-dist/tex/generic/pgf/basiclayer/pgfcore.code.tex
Package: pgfcore 2023-01-15 v3.1.10 (3.1.10)

(/usr/share/texmf-dist/tex/generic/pgf/math/pgfmath.code.tex
(/usr/share/texmf-dist/tex/generic/pgf/math/pgfmathutil.code.tex)
(/usr/share/texmf-dist/tex/generic/pgf/math/pgfmathparser.code.tex
\pgfmath@dimen=\dimen158
\pgfmath@count=\count267
\pgfmath@box=\box54
\pgfmath@toks=\toks28
\pgfmath@stack@operand=\toks29
\pgfmath@stack@operation=\toks30
)
(/usr/share/texmf-dist/tex/generic/pgf/math/pgfmathfunctions.code.tex)
(/usr/share/texmf-dist/tex/generic/pgf/math/pgfmathfunctions.basic.code.tex)
(/usr/share/texmf-dist/tex/generic/pgf/math/pgfmathfunctions.trigonometric.code
.tex)
(/usr/share/texmf-dist/tex/generic/pgf/math/pgfmathfunctions.random.code.tex)
(/usr/share/texmf-dist/tex/generic/pgf/math/pgfmathfunctions.comparison.code.te
x) (/usr/share/texmf-dist/tex/generic/pgf/math/pgfmathfunctions.base.code.tex)
(/usr/share/texmf-dist/tex/generic/pgf/math/pgfmathfunctions.round.code.tex)
(/usr/share/texmf-dist/tex/generic/pgf/math/pgfmathfunctions.misc.code.tex)
(/usr/share/texmf-dist/tex/generic/pgf/math/pgfmathfunctions.integerarithmetics
.code.tex) (/usr/share/texmf-dist/tex/generic/pgf/math/pgfmathcalc.code.tex)
(/usr/share/texmf-dist/tex/generic/pgf/math/pgfmathfloat.code.tex
\c@pgfmathroundto@lastzeros=\count268
))
(/usr/share/texmf-dist/tex/generic/pgf/math/pgfint.code.tex)
(/usr/share/texmf-dist/tex/generic/pgf/basiclayer/pgfcorepoints.code.tex
File: pgfcorepoints.code.tex 2023-01-15 v3.1.10 (3.1.10)
\pgf@picminx=\dimen159
\pgf@picmaxx=\dimen160
\pgf@picminy=\dimen161
\pgf@picmaxy=\dimen162
\pgf@pathminx=\dimen163
\pgf@pathmaxx=\dimen164
\pgf@pathminy=\dimen165
\pgf@pathmaxy=\dimen166
\pgf@xx=\dimen167
\pgf@xy=\dimen168
\pgf@yx=\dimen169
\pgf@yy=\dimen170
\pgf@zx=\dimen171
\pgf@zy=\dimen172
)
(/usr/share/texmf-dist/tex/generic/pgf/basiclayer/pgfcorepathconstruct.code.tex
File: pgfcorepathconstruct.code.tex 2023-01-15 v3.1.10 (3.1.10)
\pgf@path@lastx=\dimen173
\pgf@path@lasty=\dimen174
) (/usr/share/texmf-dist/tex/generic/pgf/basiclayer/pgfcorepathusage.code.tex
File: pgfcorepathusage.code.tex 2023-01-15 v3.1.10 (3.1.10)
\pgf@shorten@end@additional=\dimen175
\pgf@shorten@start@additional=\dimen176
)
(/usr/share/texmf-dist/tex/generic/pgf/basiclayer/pgfcorescopes.code.tex
File: pgfcorescopes.code.tex 2023-01-15 v3.1.10 (3.1.10)
\pgfpic=\box55
\pgf@hbox=\box56
\pgf@layerbox@main=\box57
\pgf@picture@serial@count=\count269
)
(/usr/share/texmf-dist/tex/generic/pgf/basiclayer/pgfcoregraphicstate.code.tex
File: pgfcoregraphicstate.code.tex 2023-01-15 v3.1.10 (3.1.10)
\pgflinewidth=\dimen177
)
(/usr/share/texmf-dist/tex/generic/pgf/basiclayer/pgfcoretransformations.code.t
ex
File: pgfcoretransformations.code.tex 2023-01-15 v3.1.10 (3.1.10)
\pgf@pt@x=\dimen178
\pgf@pt@y=\dimen179
\pgf@pt@temp=\dimen180
) (/usr/share/texmf-dist/tex/generic/pgf/basiclayer/pgfcorequick.code.tex
File: pgfcorequick.code.tex 2023-01-15 v3.1.10 (3.1.10)
)
(/usr/share/texmf-dist/tex/generic/pgf/basiclayer/pgfcoreobjects.code.tex
File: pgfcoreobjects.code.tex 2023-01-15 v3.1.10 (3.1.10)
)
(/usr/share/texmf-dist/tex/generic/pgf/basiclayer/pgfcorepathprocessing.code.te
x
File: pgfcorepathprocessing.code.tex 2023-01-15 v3.1.10 (3.1.10)
) (/usr/share/texmf-dist/tex/generic/pgf/basiclayer/pgfcorearrows.code.tex
File: pgfcorearrows.code.tex 2023-01-15 v3.1.10 (3.1.10)
\pgfarrowsep=\dimen181
)
(/usr/share/texmf-dist/tex/generic/pgf/basiclayer/pgfcoreshade.code.tex
File: pgfcoreshade.code.tex 2023-01-15 v3.1.10 (3.1.10)
\pgf@max=\dimen182
\pgf@sys@shading@range@num=\count270
\pgf@shadingcount=\count271
)
(/usr/share/texmf-dist/tex/generic/pgf/basiclayer/pgfcoreimage.code.tex
File: pgfcoreimage.code.tex 2023-01-15 v3.1.10 (3.1.10)
)
(/usr/share/texmf-dist/tex/generic/pgf/basiclayer/pgfcoreexternal.code.tex
File: pgfcoreexternal.code.tex 2023-01-15 v3.1.10 (3.1.10)
\pgfexternal@startupbox=\box58
)
(/usr/share/texmf-dist/tex/generic/pgf/basiclayer/pgfcorelayers.code.tex
File: pgfcorelayers.code.tex 2023-01-15 v3.1.10 (3.1.10)
)
(/usr/share/texmf-dist/tex/generic/pgf/basiclayer/pgfcoretransparency.code.tex
File: pgfcoretransparency.code.tex 2023-01-15 v3.1.10 (3.1.10)
) (/usr/share/texmf-dist/tex/generic/pgf/basiclayer/pgfcorepatterns.code.tex
File: pgfcorepatterns.code.tex 2023-01-15 v3.1.10 (3.1.10)
)
(/usr/share/texmf-dist/tex/generic/pgf/basiclayer/pgfcorerdf.code.tex
File: pgfcorerdf.code.tex 2023-01-15 v3.1.10 (3.1.10)
)))
(/usr/share/texmf-dist/tex/generic/pgf/modules/pgfmoduleshapes.code.tex
File: pgfmoduleshapes.code.tex 2023-01-15 v3.1.10 (3.1.10)
\pgfnodeparttextbox=\box59
)
(/usr/share/texmf-dist/tex/generic/pgf/modules/pgfmoduleplot.code.tex
File: pgfmoduleplot.code.tex 2023-01-15 v3.1.10 (3.1.10)
)
(/usr/share/texmf-dist/tex/latex/pgf/compatibility/pgfcomp-version-0-65.sty
Package: pgfcomp-version-0-65 2023-01-15 v3.1.10 (3.1.10)
\pgf@nodesepstart=\dimen183
\pgf@nodesepend=\dimen184
)
(/usr/share/texmf-dist/tex/latex/pgf/compatibility/pgfcomp-version-1-18.sty
Package: pgfcomp-version-1-18 2023-01-15 v3.1.10 (3.1.10)
))
(/usr/share/texmf-dist/tex/latex/pgf/utilities/pgffor.sty
(/usr/share/texmf-dist/tex/latex/pgf/utilities/pgfkeys.sty
(/usr/share/texmf-dist/tex/generic/pgf/utilities/pgfkeys.code.tex))
(/usr/share/texmf-dist/tex/latex/pgf/math/pgfmath.sty
(/usr/share/texmf-dist/tex/generic/pgf/math/pgfmath.code.tex))
(/usr/share/texmf-dist/tex/generic/pgf/utilities/pgffor.code.tex
Package: pgffor 2023-01-15 v3.1.10 (3.1.10)
\pgffor@iter=\dimen185
\pgffor@skip=\dimen186
\pgffor@stack=\toks31
\pgffor@toks=\toks32
))
(/usr/share/texmf-dist/tex/generic/pgf/frontendlayer/tikz/tikz.code.tex
Package: tikz 2023-01-15 v3.1.10 (3.1.10)

(/usr/share/texmf-dist/tex/generic/pgf/libraries/pgflibraryplothandlers.code.te
x
File: pgflibraryplothandlers.code.tex 2023-01-15 v3.1.10 (3.1.10)
\pgf@plot@mark@count=\count272
\pgfplotmarksize=\dimen187
)
\tikz@lastx=\dimen188
\tikz@lasty=\dimen189
\tikz@lastxsaved=\dimen190
\tikz@lastysaved=\dimen191
\tikz@lastmovetox=\dimen192
\tikz@lastmovetoy=\dimen193
\tikzleveldistance=\dimen194
\tikzsiblingdistance=\dimen195
\tikz@figbox=\box60
\tikz@figbox@bg=\box61
\tikz@tempbox=\box62
\tikz@tempbox@bg=\box63
\tikztreelevel=\count273
\tikznumberofchildren=\count274
\tikznumberofcurrentchild=\count275
\tikz@fig@count=\count276
 (/usr/share/texmf-dist/tex/generic/pgf/modules/pgfmodulematrix.code.tex
File: pgfmodulematrix.code.tex 2023-01-15 v3.1.10 (3.1.10)
\pgfmatrixcurrentrow=\count277
\pgfmatrixcurrentcolumn=\count278
\pgf@matrix@numberofcolumns=\count279
)
\tikz@expandcount=\count280

(/usr/share/texmf-dist/tex/generic/pgf/frontendlayer/tikz/libraries/tikzlibrary
topaths.code.tex
File: tikzlibrarytopaths.code.tex 2023-01-15 v3.1.10 (3.1.10)
))) (/usr/share/texmf-dist/tex/latex/grffile/grffile.sty
Package: grffile 2019/11/11 v2.1 Extended file name support for graphics (legac
y)
Package grffile Info: This package is an empty stub for compatibility on input 
line 40.
)
(/usr/share/texmf-dist/tex/latex/amsfonts/amssymb.sty
Package: amssymb 2013/01/14 v3.01 AMS font symbols

(/usr/share/texmf-dist/tex/latex/amsfonts/amsfonts.sty
Package: amsfonts 2013/01/14 v3.01 Basic AMSFonts support
\@emptytoks=\toks33
\symAMSa=\mathgroup4
\symAMSb=\mathgroup5
LaTeX Font Info:    Redeclaring math symbol \hbar on input line 98.
LaTeX Font Info:    Overwriting math alphabet `\mathfrak' in version `bold'
(Font)                  U/euf/m/n --> U/euf/b/n on input line 106.
))
(/usr/share/texmf-dist/tex/latex/psnfss/pifont.sty
Package: pifont 2020/03/25 PSNFSS-v9.3 Pi font support (SPQR) 
LaTeX Font Info:    Trying to load font information for U+pzd on input line 63.


(/usr/share/texmf-dist/tex/latex/psnfss/upzd.fd
File: upzd.fd 2001/06/04 font definitions for U/pzd.
)
LaTeX Font Info:    Trying to load font information for U+psy on input line 64.


(/usr/share/texmf-dist/tex/latex/psnfss/upsy.fd
File: upsy.fd 2001/06/04 font definitions for U/psy.
))
(/usr/share/texmf-dist/tex/latex/hyperref/hyperref.sty
Package: hyperref 2023-02-07 v7.00v Hypertext links for LaTeX

(/usr/share/texmf-dist/tex/generic/ltxcmds/ltxcmds.sty
Package: ltxcmds 2020-05-10 v1.25 LaTeX kernel commands for general use (HO)
)
(/usr/share/texmf-dist/tex/generic/iftex/iftex.sty
Package: iftex 2022/02/03 v1.0f TeX engine tests
)
(/usr/share/texmf-dist/tex/generic/pdftexcmds/pdftexcmds.sty
Package: pdftexcmds 2020-06-27 v0.33 Utility functions of pdfTeX for LuaTeX (HO
)

(/usr/share/texmf-dist/tex/generic/infwarerr/infwarerr.sty
Package: infwarerr 2019/12/03 v1.5 Providing info/warning/error messages (HO)
)
Package pdftexcmds Info: \pdf@primitive is available.
Package pdftexcmds Info: \pdf@ifprimitive is available.
Package pdftexcmds Info: \pdfdraftmode found.
)
(/usr/share/texmf-dist/tex/latex/kvsetkeys/kvsetkeys.sty
Package: kvsetkeys 2022-10-05 v1.19 Key value parser (HO)
)
(/usr/share/texmf-dist/tex/generic/kvdefinekeys/kvdefinekeys.sty
Package: kvdefinekeys 2019-12-19 v1.6 Define keys (HO)
)
(/usr/share/texmf-dist/tex/generic/pdfescape/pdfescape.sty
Package: pdfescape 2019/12/09 v1.15 Implements pdfTeX's escape features (HO)
)
(/usr/share/texmf-dist/tex/latex/hycolor/hycolor.sty
Package: hycolor 2020-01-27 v1.10 Color options for hyperref/bookmark (HO)
)
(/usr/share/texmf-dist/tex/latex/letltxmacro/letltxmacro.sty
Package: letltxmacro 2019/12/03 v1.6 Let assignment for LaTeX macros (HO)
)
(/usr/share/texmf-dist/tex/latex/auxhook/auxhook.sty
Package: auxhook 2019-12-17 v1.6 Hooks for auxiliary files (HO)
)
(/usr/share/texmf-dist/tex/latex/hyperref/nameref.sty
Package: nameref 2022-05-17 v2.50 Cross-referencing by name of section

(/usr/share/texmf-dist/tex/latex/refcount/refcount.sty
Package: refcount 2019/12/15 v3.6 Data extraction from label references (HO)
)
(/usr/share/texmf-dist/tex/generic/gettitlestring/gettitlestring.sty
Package: gettitlestring 2019/12/15 v1.6 Cleanup title references (HO)

(/usr/share/texmf-dist/tex/latex/kvoptions/kvoptions.sty
Package: kvoptions 2022-06-15 v3.15 Key value format for package options (HO)
))
\c@section@level=\count281
)
\@linkdim=\dimen196
\Hy@linkcounter=\count282
\Hy@pagecounter=\count283

(/usr/share/texmf-dist/tex/latex/hyperref/pd1enc.def
File: pd1enc.def 2023-02-07 v7.00v Hyperref: PDFDocEncoding definition (HO)
Now handling font encoding PD1 ...
... no UTF-8 mapping file for font encoding PD1
)
(/usr/share/texmf-dist/tex/generic/intcalc/intcalc.sty
Package: intcalc 2019/12/15 v1.3 Expandable calculations with integers (HO)
)
(/usr/share/texmf-dist/tex/generic/etexcmds/etexcmds.sty
Package: etexcmds 2019/12/15 v1.7 Avoid name clashes with e-TeX commands (HO)
)
\Hy@SavedSpaceFactor=\count284

(/usr/share/texmf-dist/tex/latex/hyperref/puenc.def
File: puenc.def 2023-02-07 v7.00v Hyperref: PDF Unicode definition (HO)
Now handling font encoding PU ...
... no UTF-8 mapping file for font encoding PU
)
Package hyperref Info: Hyper figures OFF on input line 4177.
Package hyperref Info: Link nesting OFF on input line 4182.
Package hyperref Info: Hyper index ON on input line 4185.
Package hyperref Info: Plain pages OFF on input line 4192.
Package hyperref Info: Backreferencing OFF on input line 4197.
Package hyperref Info: Implicit mode ON; LaTeX internals redefined.
Package hyperref Info: Bookmarks ON on input line 4425.
\c@Hy@tempcnt=\count285

(/usr/share/texmf-dist/tex/latex/url/url.sty
\Urlmuskip=\muskip16
Package: url 2013/09/16  ver 3.4  Verb mode for urls, etc.
)
LaTeX Info: Redefining \url on input line 4763.
\XeTeXLinkMargin=\dimen197

(/usr/share/texmf-dist/tex/generic/bitset/bitset.sty
Package: bitset 2019/12/09 v1.3 Handle bit-vector datatype (HO)

(/usr/share/texmf-dist/tex/generic/bigintcalc/bigintcalc.sty
Package: bigintcalc 2019/12/15 v1.5 Expandable calculations on big integers (HO
)
))
\Fld@menulength=\count286
\Field@Width=\dimen198
\Fld@charsize=\dimen199
Package hyperref Info: Hyper figures OFF on input line 6042.
Package hyperref Info: Link nesting OFF on input line 6047.
Package hyperref Info: Hyper index ON on input line 6050.
Package hyperref Info: backreferencing OFF on input line 6057.
Package hyperref Info: Link coloring OFF on input line 6062.
Package hyperref Info: Link coloring with OCG OFF on input line 6067.
Package hyperref Info: PDF/A mode OFF on input line 6072.

(/usr/share/texmf-dist/tex/latex/base/atbegshi-ltx.sty
Package: atbegshi-ltx 2021/01/10 v1.0c Emulation of the original atbegshi
package with kernel methods
)
\Hy@abspage=\count287
\c@Item=\count288
\c@Hfootnote=\count289
)
Package hyperref Info: Driver (autodetected): hpdftex.

(/usr/share/texmf-dist/tex/latex/hyperref/hpdftex.def
File: hpdftex.def 2023-02-07 v7.00v Hyperref driver for pdfTeX

(/usr/share/texmf-dist/tex/latex/base/atveryend-ltx.sty
Package: atveryend-ltx 2020/08/19 v1.0a Emulation of the original atveryend pac
kage
with kernel methods
)
\Fld@listcount=\count290
\c@bookmark@seq@number=\count291

(/usr/share/texmf-dist/tex/latex/rerunfilecheck/rerunfilecheck.sty
Package: rerunfilecheck 2022-07-10 v1.10 Rerun checks for auxiliary files (HO)

(/usr/share/texmf-dist/tex/generic/uniquecounter/uniquecounter.sty
Package: uniquecounter 2019/12/15 v1.4 Provide unlimited unique counter (HO)
)
Package uniquecounter Info: New unique counter `rerunfilecheck' on input line 2
85.
)
\Hy@SectionHShift=\skip52
)

! LaTeX Error: Option clash for package graphicx.

See the LaTeX manual or LaTeX Companion for explanation.
Type  H <return>  for immediate help.
 ...                                              
                                                  
l.14 \usepackage
                {subcaption}
The package graphicx has already been loaded with options:
  []
There has now been an attempt to load it with options
  [demo]
Adding the global options:
  ,demo
to your \documentclass declaration may fix this.
Try typing  <return>  to proceed.

(/usr/share/texmf-dist/tex/latex/caption/subcaption.sty
Package: subcaption 2023/02/19 v1.6 Sub-captions (AR)

(/usr/share/texmf-dist/tex/latex/caption/caption.sty
Package: caption 2023/03/12 v3.6j Customizing captions (AR)

(/usr/share/texmf-dist/tex/latex/caption/caption3.sty
Package: caption3 2023/03/12 v2.4 caption3 kernel (AR)
\caption@tempdima=\dimen256
\captionmargin=\dimen257
\caption@leftmargin=\dimen258
\caption@rightmargin=\dimen259
\caption@width=\dimen260
\caption@indent=\dimen261
\caption@parindent=\dimen262
\caption@hangindent=\dimen263
Package caption Info: Standard document class detected.
)
\c@caption@flags=\count292
\c@continuedfloat=\count293
Package caption Info: hyperref package is loaded.
)
Package caption Info: New subtype `subfigure' on input line 239.
\c@subfigure=\count294
Package caption Info: New subtype `subtable' on input line 239.
\c@subtable=\count295
)
(/usr/share/texmf-dist/tex/latex/etoc/etoc.sty
Package: etoc 2023/03/01 v1.2 Completely customisable TOCs (JFB)

(/usr/share/texmf-dist/tex/latex/tools/multicol.sty
Package: multicol 2021/11/30 v1.9d multicolumn formatting (FMi)
\c@tracingmulticols=\count296
\mult@box=\box64
\multicol@leftmargin=\dimen264
\c@unbalance=\count297
\c@collectmore=\count298
\doublecol@number=\count299
\multicoltolerance=\count300
\multicolpretolerance=\count301
\full@width=\dimen265
\page@free=\dimen266
\premulticols=\dimen267
\postmulticols=\dimen268
\multicolsep=\skip53
\multicolbaselineskip=\skip54
\partial@page=\box65
\last@line=\box66
\maxbalancingoverflow=\dimen269
\mult@rightbox=\box67
\mult@grightbox=\box68
\mult@firstbox=\box69
\mult@gfirstbox=\box70
\@tempa=\box71
\@tempa=\box72
\@tempa=\box73
\@tempa=\box74
\@tempa=\box75
\@tempa=\box76
\@tempa=\box77
\@tempa=\box78
\@tempa=\box79
\@tempa=\box80
\@tempa=\box81
\@tempa=\box82
\@tempa=\box83
\@tempa=\box84
\@tempa=\box85
\@tempa=\box86
\@tempa=\box87
\@tempa=\box88
\@tempa=\box89
\@tempa=\box90
\@tempa=\box91
\@tempa=\box92
\@tempa=\box93
\@tempa=\box94
\@tempa=\box95
\@tempa=\box96
\@tempa=\box97
\@tempa=\box98
\@tempa=\box99
\@tempa=\box100
\@tempa=\box101
\@tempa=\box102
\@tempa=\box103
\@tempa=\box104
\@tempa=\box105
\@tempa=\box106
\c@minrows=\count302
\c@columnbadness=\count303
\c@finalcolumnbadness=\count304
\last@try=\dimen270
\multicolovershoot=\dimen271
\multicolundershoot=\dimen272
\mult@nat@firstbox=\box107
\colbreak@box=\box108
\mc@col@check@num=\count305
)
\Etoc@toctoks=\toks34
\c@etoc@tocid=\count306
\etoc@framed@titlebox=\box109
\etoc@framed@contentsbox=\box110
)
(/usr/share/texmf-dist/tex/generic/iftex/ifluatex.sty
Package: ifluatex 2019/10/25 v1.5 ifluatex legacy package. Use iftex instead.
)
(/usr/share/texmf-dist/tex/latex/svg/svg.sty
Package: svg 2020/11/26 v2.02k (include SVG pictures)

(/usr/share/texmf-dist/tex/latex/koma-script/scrbase.sty
Package: scrbase 2022/10/12 v3.38 KOMA-Script package (KOMA-Script-independent 
basics and keyval usage)

(/usr/share/texmf-dist/tex/latex/koma-script/scrlfile.sty
Package: scrlfile 2022/10/12 v3.38 KOMA-Script package (file load hooks)

(/usr/share/texmf-dist/tex/latex/koma-script/scrlfile-hook.sty
Package: scrlfile-hook 2022/10/12 v3.38 KOMA-Script package (using LaTeX hooks)


(/usr/share/texmf-dist/tex/latex/koma-script/scrlogo.sty
Package: scrlogo 2022/10/12 v3.38 KOMA-Script package (logo)
)))
Applying: [2021/05/01] Usage of raw or classic option list on input line 252.
Already applied: [0000/00/00] Usage of raw or classic option list on input line
 368.
)
(/usr/share/texmf-dist/tex/latex/trimspaces/trimspaces.sty
Package: trimspaces 2009/09/17 v1.1 Trim spaces around a token list
)
(/usr/share/texmf-dist/tex/latex/tools/shellesc.sty
Package: shellesc 2019/11/08 v1.0c unified shell escape interface for LaTeX
Package shellesc Info: Restricted shell escape enabled on input line 77.
)
\c@svg@param@lastpage=\count307
\svg@box=\box111
\c@svg@param@currpage=\count308
)
(/usr/share/texmf-dist/tex/latex/transparent/transparent.sty
Package: transparent 2022-10-27 v1.5 Transparency with color stacks

(/usr/share/texmf-dist/tex/latex/transparent/transparent-nometadata.sty
Package: transparent-nometadata 2022-10-27 v1.5 Transparency via pdfTeX's color
 stack (HO)
))
(/usr/share/texmf-dist/tex/latex/biblatex/biblatex.sty
Package: biblatex 2023/03/05 v3.19 programmable bibliographies (PK/MW)

(/usr/share/texmf-dist/tex/latex/etoolbox/etoolbox.sty
Package: etoolbox 2020/10/05 v2.5k e-TeX tools for LaTeX (JAW)
\etb@tempcnta=\count309
)
(/usr/share/texmf-dist/tex/latex/logreq/logreq.sty
Package: logreq 2010/08/04 v1.0 xml request logger
\lrq@indent=\count310

(/usr/share/texmf-dist/tex/latex/logreq/logreq.def
File: logreq.def 2010/08/04 v1.0 logreq spec v1.0
))
(/usr/share/texmf-dist/tex/latex/base/ifthen.sty
Package: ifthen 2022/04/13 v1.1d Standard LaTeX ifthen package (DPC)
)
\c@tabx@nest=\count311
\c@listtotal=\count312
\c@listcount=\count313
\c@liststart=\count314
\c@liststop=\count315
\c@citecount=\count316
\c@citetotal=\count317
\c@multicitecount=\count318
\c@multicitetotal=\count319
\c@instcount=\count320
\c@maxnames=\count321
\c@minnames=\count322
\c@maxitems=\count323
\c@minitems=\count324
\c@citecounter=\count325
\c@maxcitecounter=\count326
\c@savedcitecounter=\count327
\c@uniquelist=\count328
\c@uniquename=\count329
\c@refsection=\count330
\c@refsegment=\count331
\c@maxextratitle=\count332
\c@maxextratitleyear=\count333
\c@maxextraname=\count334
\c@maxextradate=\count335
\c@maxextraalpha=\count336
\c@abbrvpenalty=\count337
\c@highnamepenalty=\count338
\c@lownamepenalty=\count339
\c@maxparens=\count340
\c@parenlevel=\count341
\blx@tempcnta=\count342
\blx@tempcntb=\count343
\blx@tempcntc=\count344
\c@blx@maxsection=\count345
\blx@maxsegment@0=\count346
\blx@notetype=\count347
\blx@parenlevel@text=\count348
\blx@parenlevel@foot=\count349
\blx@sectionciteorder@0=\count350
\blx@sectionciteorderinternal@0=\count351
\blx@entrysetcounter=\count352
\blx@biblioinstance=\count353
\labelnumberwidth=\skip55
\labelalphawidth=\skip56
\biblabelsep=\skip57
\bibitemsep=\skip58
\bibnamesep=\skip59
\bibinitsep=\skip60
\bibparsep=\skip61
\bibhang=\skip62
\blx@bcfin=\read3
\blx@bcfout=\write4
\blx@langwohyphens=\language3
\c@mincomprange=\count354
\c@maxcomprange=\count355
\c@mincompwidth=\count356
Package biblatex Info: Trying to load biblatex default data model...
Package biblatex Info: ... file 'blx-dm.def' found.

(/usr/share/texmf-dist/tex/latex/biblatex/blx-dm.def
File: blx-dm.def 2023/03/05 v3.19 biblatex localization (PK/MW)
)
Package biblatex Info: Trying to load biblatex custom data model...
Package biblatex Info: ... file 'biblatex-dm.cfg' not found.
\c@afterword=\count357
\c@savedafterword=\count358
\c@annotator=\count359
\c@savedannotator=\count360
\c@author=\count361
\c@savedauthor=\count362
\c@bookauthor=\count363
\c@savedbookauthor=\count364
\c@commentator=\count365
\c@savedcommentator=\count366
\c@editor=\count367
\c@savededitor=\count368
\c@editora=\count369
\c@savededitora=\count370
\c@editorb=\count371
\c@savededitorb=\count372
\c@editorc=\count373
\c@savededitorc=\count374
\c@foreword=\count375
\c@savedforeword=\count376
\c@holder=\count377
\c@savedholder=\count378
\c@introduction=\count379
\c@savedintroduction=\count380
\c@namea=\count381
\c@savednamea=\count382
\c@nameb=\count383
\c@savednameb=\count384
\c@namec=\count385
\c@savednamec=\count386
\c@translator=\count387
\c@savedtranslator=\count388
\c@shortauthor=\count389
\c@savedshortauthor=\count390
\c@shorteditor=\count391
\c@savedshorteditor=\count392
\c@labelname=\count393
\c@savedlabelname=\count394
\c@institution=\count395
\c@savedinstitution=\count396
\c@lista=\count397
\c@savedlista=\count398
\c@listb=\count399
\c@savedlistb=\count400
\c@listc=\count401
\c@savedlistc=\count402
\c@listd=\count403
\c@savedlistd=\count404
\c@liste=\count405
\c@savedliste=\count406
\c@listf=\count407
\c@savedlistf=\count408
\c@location=\count409
\c@savedlocation=\count410
\c@organization=\count411
\c@savedorganization=\count412
\c@origlocation=\count413
\c@savedoriglocation=\count414
\c@origpublisher=\count415
\c@savedorigpublisher=\count416
\c@publisher=\count417
\c@savedpublisher=\count418
\c@language=\count419
\c@savedlanguage=\count420
\c@origlanguage=\count421
\c@savedoriglanguage=\count422
\c@pageref=\count423
\c@savedpageref=\count424
\shorthandwidth=\skip63
\shortjournalwidth=\skip64
\shortserieswidth=\skip65
\shorttitlewidth=\skip66
\shortauthorwidth=\skip67
\shorteditorwidth=\skip68
\locallabelnumberwidth=\skip69
\locallabelalphawidth=\skip70
\localshorthandwidth=\skip71
\localshortjournalwidth=\skip72
\localshortserieswidth=\skip73
\localshorttitlewidth=\skip74
\localshortauthorwidth=\skip75
\localshorteditorwidth=\skip76
Package biblatex Info: Trying to load compatibility code...
Package biblatex Info: ... file 'blx-compat.def' found.

(/usr/share/texmf-dist/tex/latex/biblatex/blx-compat.def
File: blx-compat.def 2023/03/05 v3.19 biblatex compatibility (PK/MW)
)
Package biblatex Info: Trying to load generic definitions...
Package biblatex Info: ... file 'biblatex.def' found.

(/usr/share/texmf-dist/tex/latex/biblatex/biblatex.def
File: biblatex.def 2023/03/05 v3.19 biblatex compatibility (PK/MW)
\c@textcitecount=\count425
\c@textcitetotal=\count426
\c@textcitemaxnames=\count427
\c@biburlbigbreakpenalty=\count428
\c@biburlbreakpenalty=\count429
\c@biburlnumpenalty=\count430
\c@biburlucpenalty=\count431
\c@biburllcpenalty=\count432
\biburlbigskip=\muskip17
\biburlnumskip=\muskip18
\biburlucskip=\muskip19
\biburllcskip=\muskip20
\c@smartand=\count433
)
Package biblatex Info: Trying to load bibliography style 'numeric'...
Package biblatex Info: ... file 'numeric.bbx' found.

(/usr/share/texmf-dist/tex/latex/biblatex/bbx/numeric.bbx
File: numeric.bbx 2023/03/05 v3.19 biblatex bibliography style (PK/MW)
Package biblatex Info: Trying to load bibliography style 'standard'...
Package biblatex Info: ... file 'standard.bbx' found.

(/usr/share/texmf-dist/tex/latex/biblatex/bbx/standard.bbx
File: standard.bbx 2023/03/05 v3.19 biblatex bibliography style (PK/MW)
\c@bbx:relatedcount=\count434
\c@bbx:relatedtotal=\count435
))
Package biblatex Info: Trying to load citation style 'numeric'...
Package biblatex Info: ... file 'numeric.cbx' found.

(/usr/share/texmf-dist/tex/latex/biblatex/cbx/numeric.cbx
File: numeric.cbx 2023/03/05 v3.19 biblatex citation style (PK/MW)
Package biblatex Info: Redefining '\cite'.
Package biblatex Info: Redefining '\parencite'.
Package biblatex Info: Redefining '\footcite'.
Package biblatex Info: Redefining '\footcitetext'.
Package biblatex Info: Redefining '\smartcite'.
Package biblatex Info: Redefining '\supercite'.
Package biblatex Info: Redefining '\textcite'.
Package biblatex Info: Redefining '\textcites'.
Package biblatex Info: Redefining '\cites'.
Package biblatex Info: Redefining '\parencites'.
Package biblatex Info: Redefining '\smartcites'.
)
Package biblatex Info: Trying to load configuration file...
Package biblatex Info: ... file 'biblatex.cfg' found.

(/usr/share/texmf-dist/tex/latex/biblatex/biblatex.cfg
File: biblatex.cfg 
)
Package biblatex Info: Input encoding 'utf8' detected.
Package biblatex Info: Document encoding is UTF8 ....

(/usr/share/texmf-dist/tex/latex/l3kernel/expl3.sty
Package: expl3 2023-02-22 L3 programming layer (loader) 

(/usr/share/texmf-dist/tex/latex/l3backend/l3backend-pdftex.def
File: l3backend-pdftex.def 2023-01-16 L3 backend support: PDF output (pdfTeX)
\l__color_backend_stack_int=\count436
\l__pdf_internal_box=\box112
))
Package biblatex Info: ... and expl3
(biblatex)             2023-02-22 L3 programming layer (loader) 
(biblatex)             is new enough (at least 2020/04/06),
(biblatex)             setting 'casechanger=expl3'.

(/usr/share/texmf-dist/tex/latex/biblatex/blx-case-expl3.sty
(/usr/share/texmf-dist/tex/latex/l3packages/xparse/xparse.sty
Package: xparse 2023-02-02 L3 Experimental document command parser
)
Package: blx-case-expl3 2023/03/05 v3.19 expl3 case changing code for biblatex
))
(/usr/share/texmf-dist/tex/latex/upquote/upquote.sty
Package: upquote 2012/04/19 v1.3 upright-quote and grave-accent glyphs in verba
tim
)
(/usr/share/texmf-dist/tex/latex/listings/listings.sty
\lst@mode=\count437
\lst@gtempboxa=\box113
\lst@token=\toks35
\lst@length=\count438
\lst@currlwidth=\dimen273
\lst@column=\count439
\lst@pos=\count440
\lst@lostspace=\dimen274
\lst@width=\dimen275
\lst@newlines=\count441
\lst@lineno=\count442
\lst@maxwidth=\dimen276

(/usr/share/texmf-dist/tex/latex/listings/lstmisc.sty
File: lstmisc.sty 2023/02/27 1.9 (Carsten Heinz)
\c@lstnumber=\count443
\lst@skipnumbers=\count444
\lst@framebox=\box114
)
(/usr/share/texmf-dist/tex/latex/listings/listings.cfg
File: listings.cfg 2023/02/27 1.9 listings configuration
))
Package: listings 2023/02/27 1.9 (Carsten Heinz)

(/usr/share/texmf-dist/tex/latex/listings/lstlang1.sty
File: lstlang1.sty 2023/02/27 1.9 listings language file
)
(/usr/share/texmf-dist/tex/latex/listings/lstmisc.sty
File: lstmisc.sty 2023/02/27 1.9 (Carsten Heinz)
)
(/usr/share/texmf-dist/tex/latex/pgfplots/pgfplots.sty
(/usr/share/texmf-dist/tex/generic/pgfplots/pgfplots.revision.tex)
Package: pgfplots 2021/05/15 v1.18.1 Data Visualization (1.18.1)

(/usr/share/texmf-dist/tex/generic/pgfplots/pgfplots.code.tex
(/usr/share/texmf-dist/tex/generic/pgfplots/pgfplotscore.code.tex
\t@pgfplots@toka=\toks36
\t@pgfplots@tokb=\toks37
\t@pgfplots@tokc=\toks38
\pgfplots@tmpa=\dimen277
\c@pgfplots@coordindex=\count445
\c@pgfplots@scanlineindex=\count446

(/usr/share/texmf-dist/tex/generic/pgfplots/sys/pgfplotssysgeneric.code.tex))
(/usr/share/texmf-dist/tex/generic/pgfplots/libs/pgfplotslibrary.code.tex)
(/usr/share/texmf-dist/tex/generic/pgfplots/oldpgfcompatib/pgfplotsoldpgfsupp_l
oader.code.tex
(/usr/share/texmf-dist/tex/generic/pgf/libraries/pgflibraryfpu.code.tex)
Package pgfplots: loading complementary utilities for your pgf version...
\t@pgf@toka=\toks39
\t@pgf@tokb=\toks40
\t@pgf@tokc=\toks41

(/usr/share/texmf-dist/tex/generic/pgfplots/oldpgfcompatib/pgfplotsoldpgfsupp_p
gfutil-common-lists.tex))
(/usr/share/texmf-dist/tex/generic/pgfplots/util/pgfplotsutil.code.tex
(/usr/share/texmf-dist/tex/generic/pgfplots/liststructure/pgfplotsliststructure
.code.tex)
(/usr/share/texmf-dist/tex/generic/pgfplots/liststructure/pgfplotsliststructure
ext.code.tex)
(/usr/share/texmf-dist/tex/generic/pgfplots/liststructure/pgfplotsarray.code.te
x
\c@pgfplotsarray@tmp=\count447
)
(/usr/share/texmf-dist/tex/generic/pgfplots/liststructure/pgfplotsmatrix.code.t
ex)
(/usr/share/texmf-dist/tex/generic/pgfplots/numtable/pgfplotstableshared.code.t
ex
\c@pgfplotstable@counta=\count448
\t@pgfplotstable@a=\toks42
)
(/usr/share/texmf-dist/tex/generic/pgfplots/liststructure/pgfplotsdeque.code.te
x) (/usr/share/texmf-dist/tex/generic/pgfplots/util/pgfplotsbinary.code.tex
(/usr/share/texmf-dist/tex/generic/pgfplots/util/pgfplotsbinary.data.code.tex))
(/usr/share/texmf-dist/tex/generic/pgfplots/util/pgfplotsutil.verb.code.tex)
(/usr/share/texmf-dist/tex/generic/pgfplots/libs/pgflibrarypgfplots.surfshading
.code.tex
\c@pgfplotslibrarysurf@no=\count449

(/usr/share/texmf-dist/tex/generic/pgfplots/sys/pgflibrarypgfplots.surfshading.
pgfsys-pdftex.def)))
(/usr/share/texmf-dist/tex/generic/pgfplots/util/pgfplotscolormap.code.tex
(/usr/share/texmf-dist/tex/generic/pgfplots/util/pgfplotscolor.code.tex))
(/usr/share/texmf-dist/tex/generic/pgfplots/pgfplotsstackedplots.code.tex)
(/usr/share/texmf-dist/tex/generic/pgfplots/pgfplotsplothandlers.code.tex
(/usr/share/texmf-dist/tex/generic/pgfplots/pgfplotsmeshplothandler.code.tex
(/usr/share/texmf-dist/tex/generic/pgfplots/pgfplotsmeshplotimage.code.tex)))
(/usr/share/texmf-dist/tex/generic/pgfplots/pgfplots.scaling.code.tex)
(/usr/share/texmf-dist/tex/generic/pgfplots/pgfplotscoordprocessing.code.tex)
(/usr/share/texmf-dist/tex/generic/pgfplots/pgfplots.errorbars.code.tex)
(/usr/share/texmf-dist/tex/generic/pgfplots/pgfplots.markers.code.tex)
(/usr/share/texmf-dist/tex/generic/pgfplots/pgfplotsticks.code.tex)
(/usr/share/texmf-dist/tex/generic/pgfplots/pgfplots.paths.code.tex)
(/usr/share/texmf-dist/tex/generic/pgf/frontendlayer/tikz/libraries/tikzlibrary
decorations.code.tex
(/usr/share/texmf-dist/tex/generic/pgf/modules/pgfmoduledecorations.code.tex
\pgfdecoratedcompleteddistance=\dimen278
\pgfdecoratedremainingdistance=\dimen279
\pgfdecoratedinputsegmentcompleteddistance=\dimen280
\pgfdecoratedinputsegmentremainingdistance=\dimen281
\pgf@decorate@distancetomove=\dimen282
\pgf@decorate@repeatstate=\count450
\pgfdecorationsegmentamplitude=\dimen283
\pgfdecorationsegmentlength=\dimen284
)
\tikz@lib@dec@box=\box115
)
(/usr/share/texmf-dist/tex/generic/pgf/frontendlayer/tikz/libraries/tikzlibrary
decorations.pathmorphing.code.tex
(/usr/share/texmf-dist/tex/generic/pgf/libraries/decorations/pgflibrarydecorati
ons.pathmorphing.code.tex))
(/usr/share/texmf-dist/tex/generic/pgf/frontendlayer/tikz/libraries/tikzlibrary
decorations.pathreplacing.code.tex
(/usr/share/texmf-dist/tex/generic/pgf/libraries/decorations/pgflibrarydecorati
ons.pathreplacing.code.tex))
(/usr/share/texmf-dist/tex/generic/pgfplots/libs/tikzlibrarypgfplots.contourlua
.code.tex)
\pgfplots@numplots=\count451
\pgfplots@xmin@reg=\dimen285
\pgfplots@xmax@reg=\dimen286
\pgfplots@ymin@reg=\dimen287
\pgfplots@ymax@reg=\dimen288
\pgfplots@zmin@reg=\dimen289
\pgfplots@zmax@reg=\dimen290
)
(/usr/share/texmf-dist/tex/generic/pgf/frontendlayer/tikz/libraries/tikzlibrary
plotmarks.code.tex
File: tikzlibraryplotmarks.code.tex 2023-01-15 v3.1.10 (3.1.10)

(/usr/share/texmf-dist/tex/generic/pgf/libraries/pgflibraryplotmarks.code.tex
File: pgflibraryplotmarks.code.tex 2023-01-15 v3.1.10 (3.1.10)
))) (/usr/share/texmf-dist/tex/latex/filecontents/filecontents.sty
Package: filecontents 2019/09/20 v1.5 Create an external file from within a LaT
eX document


Package filecontents Warning: This package is obsolete. Disabling it and
(filecontents)                passing control to the filecontents environment
(filecontents)                defined by the LaTeX kernel.

) (/usr/share/texmf-dist/tex/latex/listingsutf8/listingsutf8.sty
Package: listingsutf8 2019-12-10 v1.5 Allow UTF-8 in listings input (HO)

(/usr/share/texmf-dist/tex/generic/stringenc/stringenc.sty
Package: stringenc 2019/11/29 v1.12 Convert strings between diff. encodings (HO
)
))
(/usr/share/texmf-dist/tex/generic/pgf/frontendlayer/tikz/libraries/tikzlibrary
trees.code.tex
File: tikzlibrarytrees.code.tex 2023-01-15 v3.1.10 (3.1.10)
) (/usr/share/texmf-dist/tex/latex/forest/forest.sty
Package: forest 2017/07/14 v2.1.5 Drawing (linguistic) trees

(/usr/share/texmf-dist/tex/generic/pgf/frontendlayer/tikz/libraries/tikzlibrary
shapes.code.tex
File: tikzlibraryshapes.code.tex 2023-01-15 v3.1.10 (3.1.10)

(/usr/share/texmf-dist/tex/generic/pgf/frontendlayer/tikz/libraries/tikzlibrary
shapes.geometric.code.tex
File: tikzlibraryshapes.geometric.code.tex 2023-01-15 v3.1.10 (3.1.10)

(/usr/share/texmf-dist/tex/generic/pgf/libraries/shapes/pgflibraryshapes.geomet
ric.code.tex
File: pgflibraryshapes.geometric.code.tex 2023-01-15 v3.1.10 (3.1.10)
))
(/usr/share/texmf-dist/tex/generic/pgf/frontendlayer/tikz/libraries/tikzlibrary
shapes.misc.code.tex
File: tikzlibraryshapes.misc.code.tex 2023-01-15 v3.1.10 (3.1.10)

(/usr/share/texmf-dist/tex/generic/pgf/libraries/shapes/pgflibraryshapes.misc.c
ode.tex
File: pgflibraryshapes.misc.code.tex 2023-01-15 v3.1.10 (3.1.10)
))
(/usr/share/texmf-dist/tex/generic/pgf/frontendlayer/tikz/libraries/tikzlibrary
shapes.symbols.code.tex
File: tikzlibraryshapes.symbols.code.tex 2023-01-15 v3.1.10 (3.1.10)

(/usr/share/texmf-dist/tex/generic/pgf/libraries/shapes/pgflibraryshapes.symbol
s.code.tex
File: pgflibraryshapes.symbols.code.tex 2023-01-15 v3.1.10 (3.1.10)
))
(/usr/share/texmf-dist/tex/generic/pgf/frontendlayer/tikz/libraries/tikzlibrary
shapes.arrows.code.tex
File: tikzlibraryshapes.arrows.code.tex 2023-01-15 v3.1.10 (3.1.10)

(/usr/share/texmf-dist/tex/generic/pgf/libraries/shapes/pgflibraryshapes.arrows
.code.tex
File: pgflibraryshapes.arrows.code.tex 2023-01-15 v3.1.10 (3.1.10)
))
(/usr/share/texmf-dist/tex/generic/pgf/frontendlayer/tikz/libraries/tikzlibrary
shapes.callouts.code.tex
(/usr/share/texmf-dist/tex/generic/pgf/libraries/shapes/pgflibraryshapes.callou
ts.code.tex))
(/usr/share/texmf-dist/tex/generic/pgf/frontendlayer/tikz/libraries/tikzlibrary
shapes.multipart.code.tex
File: tikzlibraryshapes.multipart.code.tex 2023-01-15 v3.1.10 (3.1.10)

(/usr/share/texmf-dist/tex/generic/pgf/libraries/shapes/pgflibraryshapes.multip
art.code.tex
File: pgflibraryshapes.multipart.code.tex 2023-01-15 v3.1.10 (3.1.10)
\pgfnodepartlowerbox=\box116
\pgfnodeparttwobox=\box117
\pgfnodepartthreebox=\box118
\pgfnodepartfourbox=\box119
\pgfnodeparttwentybox=\box120
\pgfnodepartnineteenbox=\box121
\pgfnodeparteighteenbox=\box122
\pgfnodepartseventeenbox=\box123
\pgfnodepartsixteenbox=\box124
\pgfnodepartfifteenbox=\box125
\pgfnodepartfourteenbox=\box126
\pgfnodepartthirteenbox=\box127
\pgfnodeparttwelvebox=\box128
\pgfnodepartelevenbox=\box129
\pgfnodeparttenbox=\box130
\pgfnodepartninebox=\box131
\pgfnodeparteightbox=\box132
\pgfnodepartsevenbox=\box133
\pgfnodepartsixbox=\box134
\pgfnodepartfivebox=\box135
)))
(/usr/share/texmf-dist/tex/generic/pgf/frontendlayer/tikz/libraries/tikzlibrary
fit.code.tex
File: tikzlibraryfit.code.tex 2023-01-15 v3.1.10 (3.1.10)
)
(/usr/share/texmf-dist/tex/generic/pgf/frontendlayer/tikz/libraries/tikzlibrary
calc.code.tex
File: tikzlibrarycalc.code.tex 2023-01-15 v3.1.10 (3.1.10)
)
(/usr/share/texmf-dist/tex/generic/pgf/libraries/pgflibraryintersections.code.t
ex
\pgf@intersect@solutions=\count452
) (/usr/share/texmf-dist/tex/latex/pgfopts/pgfopts.sty
Package: pgfopts 2014/07/10 v2.1a LaTeX package options with pgfkeys
\pgfopts@list@add@a@toks=\toks43
\pgfopts@list@add@b@toks=\toks44
)
(/usr/share/texmf-dist/tex/latex/elocalloc/elocalloc.sty
Package: elocalloc 2016/12/15 v0.03 local allocation for LaTeX 2015+ (DPC)
)
(/usr/share/texmf-dist/tex/latex/environ/environ.sty
Package: environ 2014/05/04 v0.3 A new way to define environments
\@envbody=\toks45
)
(/usr/share/texmf-dist/tex/latex/inlinedef/inlinedef.sty
Package: inlinedef 2008/07/10 v1.0 Inlined expansions within definitions
\ID@toks=\toks46
\ID@count=\count453
)
\ID@usercommands=\toks47
\safeloop@depth=\count454
\safeRKloop@depth=\count455
\forest@temp@dimen=\dimen291
\forest@temp@count=\count456
\forest@n=\count457
\forest@temp@global@count=\count458
\forest@temp@toks=\toks48
\forest@temparray@M=\count459
\forest@temparray@N=\count460
\forest@global@temparray@M=\count461
\forest@global@temparray@N=\count462
\forest@isnum@count=\count463
\forest@isdim@nonintpart=\count464
\forest@isdim@dimen=\dimen292
\forest@sort@m=\count465
\forest@sort@k=\count466
\forest@sort@p=\count467
\bracket@content=\toks49
\bracket@afterthought=\toks50
\forest@node@maxid=\count468
\forest@process@left@M=\count469
\forest@process@left@N=\count470
\forest@process@right@M=\count471
\forest@process@right@N=\count472
\forest@process@saved@M=\count473
\forest@process@saved@N=\count474
\forest@process@result@M=\count475
\forest@process@result@N=\count476
\forest@process@n=\count477
\forest@nodewalk@branch@toks=\toks51
\forest@nodewalk@shortsteps@resolution=\toks52
\forest@do@dynamics=\toks53
\forest@box=\box136
\forest@xg=\dimen293
\forest@yg=\dimen294
\forest@xs=\dimen295
\forest@ys=\dimen296
\forest@pi@toks=\toks54
\forest@segment@toks=\toks55
\forest@PIi@toks=\toks56
\forest@PIii@toks=\toks57
\forest@copy@in=\read4
\forest@copy@out=\write5
\forest@externalize@max@outer@n=\count478
\forest@externalize@inner@n=\count479
)
(/usr/share/texmf-dist/tex/latex/forest/forest-lib-edges.sty
Package: forest-lib-edges 2016/12/05 v0.1.1
)
(/usr/share/texmf-dist/tex/latex/sectsty/sectsty.sty
Package: sectsty 2002/02/25 v2.0.2 Commands to change all sectional heading sty
les


LaTeX Warning: Command \underbar  has changed.
               Check if current package is valid.


LaTeX Warning: Command \underline  has changed.
               Check if current package is valid.

) (/usr/share/texmf-dist/tex/latex/base/fontenc.sty
Package: fontenc 2021/04/29 v2.0v Standard LaTeX package
)
(/usr/share/texmf-dist/tex/latex/floatrow/floatrow.sty
Package: floatrow 2008/08/02 v0.3b floatrow: float package extension
\c@float@type=\count480
\float@exts=\toks58
\float@box=\box137
\@floatcapt=\box138
Package floatrow Info: Modified float package code loaded on input line 455.
Package floatrow Info: Modified rotfloat package code loaded on input line 473.

\FR@everyfloat=\toks59
\flrow@foot=\insert252
\FB@wd=\dimen297
\FBo@wd=\dimen298
\FBc@wd=\dimen299
\FBo@ht=\skip77
\FBc@ht=\skip78
\FBf@ht=\skip79
\FBo@max=\skip80
\FBc@max=\skip81
\FBf@max=\skip82
\c@FBl@b=\count481
\floatbox@depth=\count482
\c@FRobj=\count483
\c@FRsobj=\count484
\Xhsize=\skip83
\sXhsize=\skip84
\Zhsize=\skip85
\sZhsize=\skip86
\flrow@rowbox=\box139
\FR@Zunitlength=\dimen300
\c@FBcnt=\count485
\FPOScnt=\count486
\LTleft=\skip87
\LTright=\skip88
\LTleft=\skip89
\LTright=\skip90
\flrow@types=\toks60
)
\Size=\skip91

(/usr/share/texmf-dist/tex/latex/geometry/geometry.sty
Package: geometry 2020/01/02 v5.9 Page Geometry

(/usr/share/texmf-dist/tex/generic/iftex/ifvtex.sty
Package: ifvtex 2019/10/25 v1.7 ifvtex legacy package. Use iftex instead.
)
\Gm@cnth=\count487
\Gm@cntv=\count488
\c@Gm@tempcnt=\count489
\Gm@bindingoffset=\dimen301
\Gm@wd@mp=\dimen302
\Gm@odd@mp=\dimen303
\Gm@even@mp=\dimen304
\Gm@layoutwidth=\dimen305
\Gm@layoutheight=\dimen306
\Gm@layouthoffset=\dimen307
\Gm@layoutvoffset=\dimen308
\Gm@dimlist=\toks61
)
(/usr/share/texmf-dist/tex/latex/natbib/natbib.sty
Package: natbib 2010/09/13 8.31b (PWD, AO)


! LaTeX Error: Command \bibhang already defined.
               Or name \end... illegal, see p.192 of the manual.

See the LaTeX manual or LaTeX Companion for explanation.
Type  H <return>  for immediate help.
 ...                                              
                                                  
l.637 \newlength{\bibhang}
                          
Your command was ignored.
Type  I <command> <return>  to replace it with another command,
or  <return>  to continue without it.

\bibsep=\skip92
LaTeX Info: Redefining \cite on input line 694.
LaTeX Info: Redefining \citeauthor on input line 712.
LaTeX Info: Redefining \Citeauthor on input line 731.
LaTeX Info: Redefining \citeyear on input line 735.

! LaTeX Error: Command \NAT@parse already defined.
               Or name \end... illegal, see p.192 of the manual.

See the LaTeX manual or LaTeX Companion for explanation.
Type  H <return>  for immediate help.
 ...                                              
                                                  
l.773 }
       %
Your command was ignored.
Type  I <command> <return>  to replace it with another command,
or  <return>  to continue without it.


! LaTeX Error: Command \citename already defined.
               Or name \end... illegal, see p.192 of the manual.

See the LaTeX manual or LaTeX Companion for explanation.
Type  H <return>  for immediate help.
 ...                                              
                                                  
l.1028 \newcommand\citename{}
                             
Your command was ignored.
Type  I <command> <return>  to replace it with another command,
or  <return>  to continue without it.

\c@NAT@ctr=\count490
)

! Package biblatex Error: Incompatible package 'natbib'.

See the biblatex package documentation for explanation.
Type  H <return>  for immediate help.
 ...                                              
                                                  
l.370 \begin{document}
                      
The 'natbib' package and biblatex are incompatible.

\@quotelevel=\count491
\@quotereset=\count492

LaTeX Warning: Unused global option(s):
    [multi,tikz].

(./main.aux

LaTeX Warning: Label `code:compose' multiply defined.


LaTeX Warning: Label `code:compose' multiply defined.


LaTeX Warning: Label `fig:sub1' multiply defined.


LaTeX Warning: Label `sub@fig:sub1' multiply defined.


LaTeX Warning: Label `fig:sub2' multiply defined.


LaTeX Warning: Label `sub@fig:sub2' multiply defined.


LaTeX Warning: Label `fig:sub1' multiply defined.


LaTeX Warning: Label `sub@fig:sub1' multiply defined.


LaTeX Warning: Label `fig:sub2' multiply defined.


LaTeX Warning: Label `sub@fig:sub2' multiply defined.


LaTeX Warning: Label `fig:sub1' multiply defined.


LaTeX Warning: Label `sub@fig:sub1' multiply defined.


LaTeX Warning: Label `fig:sub2' multiply defined.


LaTeX Warning: Label `sub@fig:sub2' multiply defined.


LaTeX Warning: Label `fig:figma3' multiply defined.


LaTeX Warning: Label `fig:sub1' multiply defined.


LaTeX Warning: Label `sub@fig:sub1' multiply defined.


LaTeX Warning: Label `fig:sub2' multiply defined.


LaTeX Warning: Label `sub@fig:sub2' multiply defined.


LaTeX Warning: Label `code:compose' multiply defined.

)
\openout1 = `main.aux'.

LaTeX Font Info:    Checking defaults for OML/cmm/m/it on input line 370.
LaTeX Font Info:    ... okay on input line 370.
LaTeX Font Info:    Checking defaults for OMS/cmsy/m/n on input line 370.
LaTeX Font Info:    ... okay on input line 370.
LaTeX Font Info:    Checking defaults for OT1/cmr/m/n on input line 370.
LaTeX Font Info:    ... okay on input line 370.
LaTeX Font Info:    Checking defaults for T1/cmr/m/n on input line 370.
LaTeX Font Info:    ... okay on input line 370.
LaTeX Font Info:    Checking defaults for TS1/cmr/m/n on input line 370.
LaTeX Font Info:    ... okay on input line 370.
LaTeX Font Info:    Checking defaults for OMX/cmex/m/n on input line 370.
LaTeX Font Info:    ... okay on input line 370.
LaTeX Font Info:    Checking defaults for U/cmr/m/n on input line 370.
LaTeX Font Info:    ... okay on input line 370.
LaTeX Font Info:    Checking defaults for PD1/pdf/m/n on input line 370.
LaTeX Font Info:    ... okay on input line 370.
LaTeX Font Info:    Checking defaults for PU/pdf/m/n on input line 370.
LaTeX Font Info:    ... okay on input line 370.
 (/usr/share/texmf-dist/tex/context/base/mkii/supp-pdf.mkii
[Loading MPS to PDF converter (version 2006.09.02).]
\scratchcounter=\count493
\scratchdimen=\dimen309
\scratchbox=\box140
\nofMPsegments=\count494
\nofMParguments=\count495
\everyMPshowfont=\toks62
\MPscratchCnt=\count496
\MPscratchDim=\dimen310
\MPnumerator=\count497
\makeMPintoPDFobject=\count498
\everyMPtoPDFconversion=\toks63
) (/usr/share/texmf-dist/tex/latex/epstopdf-pkg/epstopdf-base.sty
Package: epstopdf-base 2020-01-24 v2.11 Base part for package epstopdf
Package epstopdf-base Info: Redefining graphics rule for `.eps' on input line 4
85.

(/usr/share/texmf-dist/tex/latex/latexconfig/epstopdf-sys.cfg
File: epstopdf-sys.cfg 2010/07/13 v1.3 Configuration of (r)epstopdf for TeX Liv
e
))
Package hyperref Info: Link coloring OFF on input line 370.
 (./main.out)
(./main.out)
\@outlinefile=\write6
\openout6 = `main.out'.

Package caption Info: Begin \AtBeginDocument code.
Package caption Info: float package is loaded.
Package caption Info: floatrow package is loaded.
Package caption Info: floatrow package is loaded.
Package caption Info: listings package is loaded.
Package caption Info: End \AtBeginDocument code.
\Etoc@tf=\read5
Package biblatex Info: Trying to load language 'english'...
Package biblatex Info: ... file 'english.lbx' found.
 (/usr/share/texmf-dist/tex/latex/biblatex/lbx/english.lbx
File: english.lbx 2023/03/05 v3.19 biblatex localization (PK/MW)
)
Package biblatex Info: Input encoding 'utf8' detected.
Package biblatex Info: Automatic encoding selection.
(biblatex)             Assuming data encoding 'utf8'.
\openout4 = `main.bcf'.

Package biblatex Info: Trying to load bibliographic data...
Package biblatex Info: ... file 'main.bbl' found.

(./main.bbl)
Package biblatex Info: Reference section=0 on input line 370.
Package biblatex Info: Reference segment=0 on input line 370.
 (/usr/share/texmf-dist/tex/latex/base/textcomp.sty
Package: textcomp 2020/02/02 v2.0n Standard LaTeX package
)
\c@lstlisting=\count499


Package pgfplots Warning: running in backwards compatibility mode (unsuitable t
ick labels; missing features). Consider writing \pgfplotsset{compat=1.18} into 
your preamble.
 on input line 370.

*geometry* driver: auto-detecting
*geometry* detected driver: pdftex
*geometry* verbose mode - [ preamble ] result:
* driver: pdftex
* paper: a4paper
* layout: <same size as paper>
* layoutoffset:(h,v)=(0.0pt,0.0pt)
* bindingoffset: 14.45377pt
* modes: 
* h-part:(L,W,R)=(72.26999pt, 438.51413pt, 72.26999pt)
* v-part:(T,H,B)=(72.26999pt, 700.50687pt, 72.26999pt)
* \paperwidth=597.50787pt
* \paperheight=845.04684pt
* \textwidth=438.51413pt
* \textheight=700.50687pt
* \oddsidemargin=14.45377pt
* \evensidemargin=0.0pt
* \topmargin=-37.0pt
* \headheight=12.0pt
* \headsep=25.0pt
* \topskip=10.0pt
* \footskip=18.06749pt
* \marginparwidth=57.0pt
* \marginparsep=11.0pt
* \columnsep=10.0pt
* \skip\footins=9.0pt plus 4.0pt minus 2.0pt
* \hoffset=0.0pt
* \voffset=0.0pt
* \mag=1000
* \@twocolumnfalse
* \@twosidefalse
* \@mparswitchfalse
* \@reversemarginfalse
* (1in=72.27pt=25.4mm, 1cm=28.453pt)

LaTeX Font Info:    Trying to load font information for U+msa on input line 373
.
(/usr/share/texmf-dist/tex/latex/amsfonts/umsa.fd
File: umsa.fd 2013/01/14 v3.01 AMS symbols A
)
LaTeX Font Info:    Trying to load font information for U+msb on input line 373
.

(/usr/share/texmf-dist/tex/latex/amsfonts/umsb.fd
File: umsb.fd 2013/01/14 v3.01 AMS symbols B
) [1

{/var/lib/texmf/fonts/map/pdftex/updmap/pdftex.map}{/usr/share/texmf-dist/fonts
/enc/dvips/cm-super/cm-super-t1.enc}]
\tf@toc=\write7
\openout7 = `main.toc'.

 [2] (./main.lof)
\tf@lof=\write8
\openout8 = `main.lof'.

 [3] (./main.lot)
\tf@lot=\write9
\openout9 = `main.lot'.

 [4]
Package hyperref Info: bookmark level for unknown lstlisting defaults to 0 on i
nput line 410.
LaTeX Font Info:    Trying to load font information for T1+cmtt on input line 4
10.

(/usr/share/texmf-dist/tex/latex/base/t1cmtt.fd
File: t1cmtt.fd 2022/07/10 v2.5l Standard LaTeX font definitions
)
LaTeX Font Info:    Font shape `T1/cmtt/bx/n' in size <10> not available
(Font)              Font shape `T1/cmtt/m/n' tried instead on input line 412.
LaTeX Font Info:    Trying to load font information for TS1+cmtt on input line 
437.

(/usr/share/texmf-dist/tex/latex/base/ts1cmtt.fd
File: ts1cmtt.fd 2022/07/10 v2.5l Standard LaTeX font definitions
) [5{/usr/share/texmf-dist/fonts/enc/dvips/cm-super/cm-super-ts1.enc}] [6]
<diagrams/MVC.png, id=283, 1204.5pt x 1324.95pt>
File: diagrams/MVC.png Graphic file (type png)
<use diagrams/MVC.png>
Package pdftex.def Info: diagrams/MVC.png  used on input line 631.
(pdftex.def)             Requested size: 204.76228pt x 225.23853pt.


LaTeX Warning: `!h' float specifier changed to `!ht'.


Overfull \hbox (29.28316pt too wide) in paragraph at lines 680--680
[]|\T1/cmtt/m/n/10 controllers| 
 []


Overfull \hbox (50.27803pt too wide) in paragraph at lines 680--680
[]|\T1/cmtt/m/n/10 docker-projects| 
 []


Overfull \hbox (3.03957pt too wide) in paragraph at lines 680--680
[]|\T1/cmtt/m/n/10 models| 
 []


Overfull \hbox (3.03957pt too wide) in paragraph at lines 680--680
[]|\T1/cmtt/m/n/10 routes| 
 []


Overfull \hbox (3.03957pt too wide) in paragraph at lines 680--680
[]|\T1/cmtt/m/n/10 models| 
 []


Overfull \hbox (30.39871pt too wide) in paragraph at lines 680--681
 [][][] 
 []


LaTeX Warning: `h' float specifier changed to `ht'.

[7] [8 <./diagrams/MVC.png>] [9] [10] [11]
<diagrams/success-info.png, id=384, 459.7175pt x 255.95625pt>
File: diagrams/success-info.png Graphic file (type png)
<use diagrams/success-info.png>
Package pdftex.def Info: diagrams/success-info.png  used on input line 940.
(pdftex.def)             Requested size: 177.59581pt x 98.88129pt.
<diagrams/warning-error.png, id=385, 462.72874pt x 258.9675pt>
File: diagrams/warning-error.png Graphic file (type png)
<use diagrams/warning-error.png>
Package pdftex.def Info: diagrams/warning-error.png  used on input line 946.
(pdftex.def)             Requested size: 177.59581pt x 99.39258pt.
Package svg Info: Last page of `./svg-inkscape/login-sequence-diagram_svg-tex.p
df' is 14 on input line 979.

(./svg-inkscape/login-sequence-diagram_svg-tex.pdf_tex
<./svg-inkscape/login-sequence-diagram_svg-tex.pdf, id=390, page=1, 375.2966pt 
x 291.2911pt>
File: ./svg-inkscape/login-sequence-diagram_svg-tex.pdf Graphic file (type pdf)

<use ./svg-inkscape/login-sequence-diagram_svg-tex.pdf, page 1>
Package pdftex.def Info: ./svg-inkscape/login-sequence-diagram_svg-tex.pdf , pa
ge1 used on input line 56.
(pdftex.def)             Requested size: 375.2966pt x 291.29927pt.
<./svg-inkscape/login-sequence-diagram_svg-tex.pdf, id=391, page=2, 375.2966pt 
x 291.2911pt>
File: ./svg-inkscape/login-sequence-diagram_svg-tex.pdf Graphic file (type pdf)

<use ./svg-inkscape/login-sequence-diagram_svg-tex.pdf, page 2>
Package pdftex.def Info: ./svg-inkscape/login-sequence-diagram_svg-tex.pdf , pa
ge2 used on input line 58.
(pdftex.def)             Requested size: 375.2966pt x 291.29927pt.
<./svg-inkscape/login-sequence-diagram_svg-tex.pdf, id=392, page=3, 375.2966pt 
x 291.2911pt>
File: ./svg-inkscape/login-sequence-diagram_svg-tex.pdf Graphic file (type pdf)

<use ./svg-inkscape/login-sequence-diagram_svg-tex.pdf, page 3>
Package pdftex.def Info: ./svg-inkscape/login-sequence-diagram_svg-tex.pdf , pa
ge3 used on input line 60.
(pdftex.def)             Requested size: 375.2966pt x 291.29927pt.
<./svg-inkscape/login-sequence-diagram_svg-tex.pdf, id=393, page=4, 375.2966pt 
x 291.2911pt>
File: ./svg-inkscape/login-sequence-diagram_svg-tex.pdf Graphic file (type pdf)

<use ./svg-inkscape/login-sequence-diagram_svg-tex.pdf, page 4>
Package pdftex.def Info: ./svg-inkscape/login-sequence-diagram_svg-tex.pdf , pa
ge4 used on input line 62.
(pdftex.def)             Requested size: 375.2966pt x 291.29927pt.
<./svg-inkscape/login-sequence-diagram_svg-tex.pdf, id=394, page=5, 375.2966pt 
x 291.2911pt>
File: ./svg-inkscape/login-sequence-diagram_svg-tex.pdf Graphic file (type pdf)

<use ./svg-inkscape/login-sequence-diagram_svg-tex.pdf, page 5>
Package pdftex.def Info: ./svg-inkscape/login-sequence-diagram_svg-tex.pdf , pa
ge5 used on input line 64.
(pdftex.def)             Requested size: 375.2966pt x 291.29927pt.
<./svg-inkscape/login-sequence-diagram_svg-tex.pdf, id=395, page=6, 375.2966pt 
x 291.2911pt>
File: ./svg-inkscape/login-sequence-diagram_svg-tex.pdf Graphic file (type pdf)

<use ./svg-inkscape/login-sequence-diagram_svg-tex.pdf, page 6>
Package pdftex.def Info: ./svg-inkscape/login-sequence-diagram_svg-tex.pdf , pa
ge6 used on input line 66.
(pdftex.def)             Requested size: 375.2966pt x 291.29927pt.
<./svg-inkscape/login-sequence-diagram_svg-tex.pdf, id=396, page=7, 375.2966pt 
x 291.2911pt>
File: ./svg-inkscape/login-sequence-diagram_svg-tex.pdf Graphic file (type pdf)

<use ./svg-inkscape/login-sequence-diagram_svg-tex.pdf, page 7>
Package pdftex.def Info: ./svg-inkscape/login-sequence-diagram_svg-tex.pdf , pa
ge7 used on input line 69.
(pdftex.def)             Requested size: 375.2966pt x 291.29927pt.
<./svg-inkscape/login-sequence-diagram_svg-tex.pdf, id=397, page=8, 375.2966pt 
x 291.2911pt>
File: ./svg-inkscape/login-sequence-diagram_svg-tex.pdf Graphic file (type pdf)

<use ./svg-inkscape/login-sequence-diagram_svg-tex.pdf, page 8>
Package pdftex.def Info: ./svg-inkscape/login-sequence-diagram_svg-tex.pdf , pa
ge8 used on input line 71.
(pdftex.def)             Requested size: 375.2966pt x 291.29927pt.
<./svg-inkscape/login-sequence-diagram_svg-tex.pdf, id=398, page=9, 375.2966pt 
x 291.2911pt>
File: ./svg-inkscape/login-sequence-diagram_svg-tex.pdf Graphic file (type pdf)

<use ./svg-inkscape/login-sequence-diagram_svg-tex.pdf, page 9>
Package pdftex.def Info: ./svg-inkscape/login-sequence-diagram_svg-tex.pdf , pa
ge9 used on input line 73.
(pdftex.def)             Requested size: 375.2966pt x 291.29927pt.
<./svg-inkscape/login-sequence-diagram_svg-tex.pdf, id=399, page=10, 375.2966pt
 x 291.2911pt>
File: ./svg-inkscape/login-sequence-diagram_svg-tex.pdf Graphic file (type pdf)

<use ./svg-inkscape/login-sequence-diagram_svg-tex.pdf, page 10>
Package pdftex.def Info: ./svg-inkscape/login-sequence-diagram_svg-tex.pdf , pa
ge10 used on input line 75.
(pdftex.def)             Requested size: 375.2966pt x 291.29927pt.
<./svg-inkscape/login-sequence-diagram_svg-tex.pdf, id=400, page=11, 375.2966pt
 x 291.2911pt>
File: ./svg-inkscape/login-sequence-diagram_svg-tex.pdf Graphic file (type pdf)

<use ./svg-inkscape/login-sequence-diagram_svg-tex.pdf, page 11>
Package pdftex.def Info: ./svg-inkscape/login-sequence-diagram_svg-tex.pdf , pa
ge11 used on input line 77.
(pdftex.def)             Requested size: 375.2966pt x 291.29927pt.
<./svg-inkscape/login-sequence-diagram_svg-tex.pdf, id=401, page=12, 375.2966pt
 x 291.2911pt>
File: ./svg-inkscape/login-sequence-diagram_svg-tex.pdf Graphic file (type pdf)

<use ./svg-inkscape/login-sequence-diagram_svg-tex.pdf, page 12>
Package pdftex.def Info: ./svg-inkscape/login-sequence-diagram_svg-tex.pdf , pa
ge12 used on input line 79.
(pdftex.def)             Requested size: 375.2966pt x 291.29927pt.
<./svg-inkscape/login-sequence-diagram_svg-tex.pdf, id=402, page=13, 375.2966pt
 x 291.2911pt>
File: ./svg-inkscape/login-sequence-diagram_svg-tex.pdf Graphic file (type pdf)

<use ./svg-inkscape/login-sequence-diagram_svg-tex.pdf, page 13>
Package pdftex.def Info: ./svg-inkscape/login-sequence-diagram_svg-tex.pdf , pa
ge13 used on input line 81.
(pdftex.def)             Requested size: 375.2966pt x 291.29927pt.
<./svg-inkscape/login-sequence-diagram_svg-tex.pdf, id=403, page=14, 375.2966pt
 x 291.2911pt>
File: ./svg-inkscape/login-sequence-diagram_svg-tex.pdf Graphic file (type pdf)

<use ./svg-inkscape/login-sequence-diagram_svg-tex.pdf, page 14>
Package pdftex.def Info: ./svg-inkscape/login-sequence-diagram_svg-tex.pdf , pa
ge14 used on input line 83.
(pdftex.def)             Requested size: 375.2966pt x 291.29927pt.
)

LaTeX Warning: `h' float specifier changed to `ht'.

Package svg Info: Last page of `./svg-inkscape/register-sequence-diagram_svg-te
x.pdf' is 14 on input line 987.
(./svg-inkscape/register-sequence-diagram_svg-tex.pdf_tex
<./svg-inkscape/register-sequence-diagram_svg-tex.pdf, id=405, page=1, 416.7013
pt x 291.2911pt>
File: ./svg-inkscape/register-sequence-diagram_svg-tex.pdf Graphic file (type p
df)
<use ./svg-inkscape/register-sequence-diagram_svg-tex.pdf, page 1>
Package pdftex.def Info: ./svg-inkscape/register-sequence-diagram_svg-tex.pdf ,
 page1 used on input line 56.
(pdftex.def)             Requested size: 416.70128pt x 291.29927pt.
<./svg-inkscape/register-sequence-diagram_svg-tex.pdf, id=406, page=2, 416.7013
pt x 291.2911pt>
File: ./svg-inkscape/register-sequence-diagram_svg-tex.pdf Graphic file (type p
df)
<use ./svg-inkscape/register-sequence-diagram_svg-tex.pdf, page 2>
Package pdftex.def Info: ./svg-inkscape/register-sequence-diagram_svg-tex.pdf ,
 page2 used on input line 58.
(pdftex.def)             Requested size: 416.70128pt x 291.29927pt.
<./svg-inkscape/register-sequence-diagram_svg-tex.pdf, id=407, page=3, 416.7013
pt x 291.2911pt>
File: ./svg-inkscape/register-sequence-diagram_svg-tex.pdf Graphic file (type p
df)
<use ./svg-inkscape/register-sequence-diagram_svg-tex.pdf, page 3>
Package pdftex.def Info: ./svg-inkscape/register-sequence-diagram_svg-tex.pdf ,
 page3 used on input line 60.
(pdftex.def)             Requested size: 416.70128pt x 291.29927pt.
<./svg-inkscape/register-sequence-diagram_svg-tex.pdf, id=408, page=4, 416.7013
pt x 291.2911pt>
File: ./svg-inkscape/register-sequence-diagram_svg-tex.pdf Graphic file (type p
df)
<use ./svg-inkscape/register-sequence-diagram_svg-tex.pdf, page 4>
Package pdftex.def Info: ./svg-inkscape/register-sequence-diagram_svg-tex.pdf ,
 page4 used on input line 62.
(pdftex.def)             Requested size: 416.70128pt x 291.29927pt.
<./svg-inkscape/register-sequence-diagram_svg-tex.pdf, id=409, page=5, 416.7013
pt x 291.2911pt>
File: ./svg-inkscape/register-sequence-diagram_svg-tex.pdf Graphic file (type p
df)
<use ./svg-inkscape/register-sequence-diagram_svg-tex.pdf, page 5>
Package pdftex.def Info: ./svg-inkscape/register-sequence-diagram_svg-tex.pdf ,
 page5 used on input line 64.
(pdftex.def)             Requested size: 416.70128pt x 291.29927pt.
<./svg-inkscape/register-sequence-diagram_svg-tex.pdf, id=410, page=6, 416.7013
pt x 291.2911pt>
File: ./svg-inkscape/register-sequence-diagram_svg-tex.pdf Graphic file (type p
df)
<use ./svg-inkscape/register-sequence-diagram_svg-tex.pdf, page 6>
Package pdftex.def Info: ./svg-inkscape/register-sequence-diagram_svg-tex.pdf ,
 page6 used on input line 66.
(pdftex.def)             Requested size: 416.70128pt x 291.29927pt.
<./svg-inkscape/register-sequence-diagram_svg-tex.pdf, id=411, page=7, 416.7013
pt x 291.2911pt>
File: ./svg-inkscape/register-sequence-diagram_svg-tex.pdf Graphic file (type p
df)
<use ./svg-inkscape/register-sequence-diagram_svg-tex.pdf, page 7>
Package pdftex.def Info: ./svg-inkscape/register-sequence-diagram_svg-tex.pdf ,
 page7 used on input line 69.
(pdftex.def)             Requested size: 416.70128pt x 291.29927pt.
<./svg-inkscape/register-sequence-diagram_svg-tex.pdf, id=412, page=8, 416.7013
pt x 291.2911pt>
File: ./svg-inkscape/register-sequence-diagram_svg-tex.pdf Graphic file (type p
df)
<use ./svg-inkscape/register-sequence-diagram_svg-tex.pdf, page 8>
Package pdftex.def Info: ./svg-inkscape/register-sequence-diagram_svg-tex.pdf ,
 page8 used on input line 71.
(pdftex.def)             Requested size: 416.70128pt x 291.29927pt.
<./svg-inkscape/register-sequence-diagram_svg-tex.pdf, id=413, page=9, 416.7013
pt x 291.2911pt>
File: ./svg-inkscape/register-sequence-diagram_svg-tex.pdf Graphic file (type p
df)
<use ./svg-inkscape/register-sequence-diagram_svg-tex.pdf, page 9>
Package pdftex.def Info: ./svg-inkscape/register-sequence-diagram_svg-tex.pdf ,
 page9 used on input line 73.
(pdftex.def)             Requested size: 416.70128pt x 291.29927pt.
<./svg-inkscape/register-sequence-diagram_svg-tex.pdf, id=414, page=10, 416.701
3pt x 291.2911pt>
File: ./svg-inkscape/register-sequence-diagram_svg-tex.pdf Graphic file (type p
df)
<use ./svg-inkscape/register-sequence-diagram_svg-tex.pdf, page 10>
Package pdftex.def Info: ./svg-inkscape/register-sequence-diagram_svg-tex.pdf ,
 page10 used on input line 75.
(pdftex.def)             Requested size: 416.70128pt x 291.29927pt.
<./svg-inkscape/register-sequence-diagram_svg-tex.pdf, id=415, page=11, 416.701
3pt x 291.2911pt>
File: ./svg-inkscape/register-sequence-diagram_svg-tex.pdf Graphic file (type p
df)
<use ./svg-inkscape/register-sequence-diagram_svg-tex.pdf, page 11>
Package pdftex.def Info: ./svg-inkscape/register-sequence-diagram_svg-tex.pdf ,
 page11 used on input line 77.
(pdftex.def)             Requested size: 416.70128pt x 291.29927pt.
<./svg-inkscape/register-sequence-diagram_svg-tex.pdf, id=416, page=12, 416.701
3pt x 291.2911pt>
File: ./svg-inkscape/register-sequence-diagram_svg-tex.pdf Graphic file (type p
df)
<use ./svg-inkscape/register-sequence-diagram_svg-tex.pdf, page 12>
Package pdftex.def Info: ./svg-inkscape/register-sequence-diagram_svg-tex.pdf ,
 page12 used on input line 79.
(pdftex.def)             Requested size: 416.70128pt x 291.29927pt.
<./svg-inkscape/register-sequence-diagram_svg-tex.pdf, id=417, page=13, 416.701
3pt x 291.2911pt>
File: ./svg-inkscape/register-sequence-diagram_svg-tex.pdf Graphic file (type p
df)
<use ./svg-inkscape/register-sequence-diagram_svg-tex.pdf, page 13>
Package pdftex.def Info: ./svg-inkscape/register-sequence-diagram_svg-tex.pdf ,
 page13 used on input line 81.
(pdftex.def)             Requested size: 416.70128pt x 291.29927pt.
<./svg-inkscape/register-sequence-diagram_svg-tex.pdf, id=418, page=14, 416.701
3pt x 291.2911pt>
File: ./svg-inkscape/register-sequence-diagram_svg-tex.pdf Graphic file (type p
df)
<use ./svg-inkscape/register-sequence-diagram_svg-tex.pdf, page 14>
Package pdftex.def Info: ./svg-inkscape/register-sequence-diagram_svg-tex.pdf ,
 page14 used on input line 83.
(pdftex.def)             Requested size: 416.70128pt x 291.29927pt.
)

LaTeX Warning: `h' float specifier changed to `ht'.

[12 <./diagrams/success-info.png> <./diagrams/warning-error.png>]
<diagrams/client-side_diagram1.png, id=440, 2517.405pt x 2517.405pt>
File: diagrams/client-side_diagram1.png Graphic file (type png)
<use diagrams/client-side_diagram1.png>
Package pdftex.def Info: diagrams/client-side_diagram1.png  used on input line 
1028.
(pdftex.def)             Requested size: 377.59445pt x 377.59445pt.


LaTeX Warning: `h' float specifier changed to `ht'.

<diagrams/client-side_diagram2.png, id=441, 3622.53375pt x 3314.3825pt>
File: diagrams/client-side_diagram2.png Graphic file (type png)
<use diagrams/client-side_diagram2.png>
Package pdftex.def Info: diagrams/client-side_diagram2.png  used on input line 
1034.
(pdftex.def)             Requested size: 362.2746pt x 331.45767pt.

LaTeX Warning: `h' float specifier changed to `ht'.

[13 <./svg-inkscape/login-sequence-diagram_svg-tex.pdf> <./svg-inkscape/login-s
equence-diagram_svg-tex.pdf

pdfTeX warning: pdflatex (file ./svg-inkscape/login-sequence-diagram_svg-tex.pd
f): PDF inclusion: multiple pdfs with page group included in a single page
> <./svg-inkscape/login-sequence-diagram_svg-tex.pdf

pdfTeX warning: pdflatex (file ./svg-inkscape/login-sequence-diagram_svg-tex.pd
f): PDF inclusion: multiple pdfs with page group included in a single page
> <./svg-inkscape/login-sequence-diagram_svg-tex.pdf

pdfTeX warning: pdflatex (file ./svg-inkscape/login-sequence-diagram_svg-tex.pd
f): PDF inclusion: multiple pdfs with page group included in a single page
> <./svg-inkscape/login-sequence-diagram_svg-tex.pdf

pdfTeX warning: pdflatex (file ./svg-inkscape/login-sequence-diagram_svg-tex.pd
f): PDF inclusion: multiple pdfs with page group included in a single page
> <./svg-inkscape/login-sequence-diagram_svg-tex.pdf

pdfTeX warning: pdflatex (file ./svg-inkscape/login-sequence-diagram_svg-tex.pd
f): PDF inclusion: multiple pdfs with page group included in a single page
> <./svg-inkscape/login-sequence-diagram_svg-tex.pdf

pdfTeX warning: pdflatex (file ./svg-inkscape/login-sequence-diagram_svg-tex.pd
f): PDF inclusion: multiple pdfs with page group included in a single page
> <./svg-inkscape/login-sequence-diagram_svg-tex.pdf

pdfTeX warning: pdflatex (file ./svg-inkscape/login-sequence-diagram_svg-tex.pd
f): PDF inclusion: multiple pdfs with page group included in a single page
> <./svg-inkscape/login-sequence-diagram_svg-tex.pdf

pdfTeX warning: pdflatex (file ./svg-inkscape/login-sequence-diagram_svg-tex.pd
f): PDF inclusion: multiple pdfs with page group included in a single page
> <./svg-inkscape/login-sequence-diagram_svg-tex.pdf

pdfTeX warning: pdflatex (file ./svg-inkscape/login-sequence-diagram_svg-tex.pd
f): PDF inclusion: multiple pdfs with page group included in a single page
> <./svg-inkscape/login-sequence-diagram_svg-tex.pdf

pdfTeX warning: pdflatex (file ./svg-inkscape/login-sequence-diagram_svg-tex.pd
f): PDF inclusion: multiple pdfs with page group included in a single page
> <./svg-inkscape/login-sequence-diagram_svg-tex.pdf

pdfTeX warning: pdflatex (file ./svg-inkscape/login-sequence-diagram_svg-tex.pd
f): PDF inclusion: multiple pdfs with page group included in a single page
> <./svg-inkscape/login-sequence-diagram_svg-tex.pdf

pdfTeX warning: pdflatex (file ./svg-inkscape/login-sequence-diagram_svg-tex.pd
f): PDF inclusion: multiple pdfs with page group included in a single page
> <./svg-inkscape/login-sequence-diagram_svg-tex.pdf

pdfTeX warning: pdflatex (file ./svg-inkscape/login-sequence-diagram_svg-tex.pd
f): PDF inclusion: multiple pdfs with page group included in a single page
>]
Overfull \hbox (3.03957pt too wide) in paragraph at lines 1128--1128
[]|\T1/cmtt/m/n/10 www.js| 
 []


Overfull \hbox (3.03957pt too wide) in paragraph at lines 1128--1128
[]|\T1/cmtt/m/n/10 config| 
 []


Overfull \hbox (24.03444pt too wide) in paragraph at lines 1128--1128
[]|\T1/cmtt/m/n/10 Dockerfile| 
 []


Overfull \hbox (50.27803pt too wide) in paragraph at lines 1128--1128
[]|\T1/cmtt/m/n/10 docker-projects| 
 []


Overfull \hbox (34.53188pt too wide) in paragraph at lines 1128--1128
[]|\T1/cmtt/m/n/10 package.json| 
 []

Missing character: There is no , in font nullfont!
Missing character: There is no , in font nullfont!

Overfull \hbox (6.93448pt too wide) in paragraph at lines 1128--1129
 [][][] 
 []

[14 <./svg-inkscape/register-sequence-diagram_svg-tex.pdf> <./svg-inkscape/regi
ster-sequence-diagram_svg-tex.pdf

pdfTeX warning: pdflatex (file ./svg-inkscape/register-sequence-diagram_svg-tex
.pdf): PDF inclusion: multiple pdfs with page group included in a single page
> <./svg-inkscape/register-sequence-diagram_svg-tex.pdf

pdfTeX warning: pdflatex (file ./svg-inkscape/register-sequence-diagram_svg-tex
.pdf): PDF inclusion: multiple pdfs with page group included in a single page
> <./svg-inkscape/register-sequence-diagram_svg-tex.pdf

pdfTeX warning: pdflatex (file ./svg-inkscape/register-sequence-diagram_svg-tex
.pdf): PDF inclusion: multiple pdfs with page group included in a single page
> <./svg-inkscape/register-sequence-diagram_svg-tex.pdf

pdfTeX warning: pdflatex (file ./svg-inkscape/register-sequence-diagram_svg-tex
.pdf): PDF inclusion: multiple pdfs with page group included in a single page
> <./svg-inkscape/register-sequence-diagram_svg-tex.pdf

pdfTeX warning: pdflatex (file ./svg-inkscape/register-sequence-diagram_svg-tex
.pdf): PDF inclusion: multiple pdfs with page group included in a single page
> <./svg-inkscape/register-sequence-diagram_svg-tex.pdf

pdfTeX warning: pdflatex (file ./svg-inkscape/register-sequence-diagram_svg-tex
.pdf): PDF inclusion: multiple pdfs with page group included in a single page
> <./svg-inkscape/register-sequence-diagram_svg-tex.pdf

pdfTeX warning: pdflatex (file ./svg-inkscape/register-sequence-diagram_svg-tex
.pdf): PDF inclusion: multiple pdfs with page group included in a single page
> <./svg-inkscape/register-sequence-diagram_svg-tex.pdf

pdfTeX warning: pdflatex (file ./svg-inkscape/register-sequence-diagram_svg-tex
.pdf): PDF inclusion: multiple pdfs with page group included in a single page
> <./svg-inkscape/register-sequence-diagram_svg-tex.pdf

pdfTeX warning: pdflatex (file ./svg-inkscape/register-sequence-diagram_svg-tex
.pdf): PDF inclusion: multiple pdfs with page group included in a single page
> <./svg-inkscape/register-sequence-diagram_svg-tex.pdf

pdfTeX warning: pdflatex (file ./svg-inkscape/register-sequence-diagram_svg-tex
.pdf): PDF inclusion: multiple pdfs with page group included in a single page
> <./svg-inkscape/register-sequence-diagram_svg-tex.pdf

pdfTeX warning: pdflatex (file ./svg-inkscape/register-sequence-diagram_svg-tex
.pdf): PDF inclusion: multiple pdfs with page group included in a single page
> <./svg-inkscape/register-sequence-diagram_svg-tex.pdf

pdfTeX warning: pdflatex (file ./svg-inkscape/register-sequence-diagram_svg-tex
.pdf): PDF inclusion: multiple pdfs with page group included in a single page
> <./svg-inkscape/register-sequence-diagram_svg-tex.pdf

pdfTeX warning: pdflatex (file ./svg-inkscape/register-sequence-diagram_svg-tex
.pdf): PDF inclusion: multiple pdfs with page group included in a single page
>]
Overfull \hbox (34.53188pt too wide) in paragraph at lines 1264--1264
[]|\T1/cmtt/m/n/10 angular.json| 
 []


Overfull \hbox (45.02931pt too wide) in paragraph at lines 1264--1264
[]|\T1/cmtt/m/n/10 environment.ts| 
 []


Overfull \hbox (81.77034pt too wide) in paragraph at lines 1264--1264
[]|\T1/cmtt/m/n/10 environment.docker.ts| 
 []


Overfull \hbox (24.03444pt too wide) in paragraph at lines 1264--1264
[]|\T1/cmtt/m/n/10 Dockerfile| 
 []


Overfull \hbox (34.53188pt too wide) in paragraph at lines 1264--1264
[]|\T1/cmtt/m/n/10 package.json| 
 []


Overfull \hbox (60.77547pt too wide) in paragraph at lines 1264--1264
[]|\T1/cmtt/m/n/10 package_lock.json| 
 []


Overfull \hbox (55.52675pt too wide) in paragraph at lines 1264--1264
[]|\T1/cmtt/m/n/10 app.component.ts| 
 []


Overfull \hbox (66.02419pt too wide) in paragraph at lines 1264--1264
[]|\T1/cmtt/m/n/10 app.component.html| 
 []


Overfull \hbox (60.77547pt too wide) in paragraph at lines 1264--1264
[]|\T1/cmtt/m/n/10 app.component.css| 
 []


Overfull \hbox (39.7806pt too wide) in paragraph at lines 1264--1264
[]|\T1/cmtt/m/n/10 app.module.ts| 
 []


Overfull \hbox (81.77034pt too wide) in paragraph at lines 1264--1264
[]|\T1/cmtt/m/n/10 app-routing.module.ts| 
 []


Overfull \hbox (71.2729pt too wide) in paragraph at lines 1264--1264
[]|\T1/cmtt/m/n/10 dashboard.module.ts| 
 []


Overfull \hbox (81.77034pt too wide) in paragraph at lines 1264--1264
[]|\T1/cmtt/m/n/10 operations.service.ts| 
 []


Overfull \hbox (76.52162pt too wide) in paragraph at lines 1264--1264
[]|\T1/cmtt/m/n/10 container.service.ts| 
 []


Overfull \hbox (60.77547pt too wide) in paragraph at lines 1264--1264
[]|\T1/cmtt/m/n/10 socket.service.ts| 
 []


Overfull \hbox (50.27803pt too wide) in paragraph at lines 1264--1264
[]|\T1/cmtt/m/n/10 user.service.ts| 
 []


Overfull \hbox (8.28828pt too wide) in paragraph at lines 1264--1264
[]|\T1/cmtt/m/n/10 main.ts| 
 []


Overfull \hbox (29.28316pt too wide) in paragraph at lines 1264--1264
[]|\T1/cmtt/m/n/10 styles.scss| 
 []


Overfull \hbox (60.77547pt too wide) in paragraph at lines 1264--1264
[]|\T1/cmtt/m/n/10 tsconfig.app.json| 
 []


Overfull \hbox (39.7806pt too wide) in paragraph at lines 1264--1264
[]|\T1/cmtt/m/n/10 tsconfig.json| 
 []


Overfull \hbox (77.32718pt too wide) in paragraph at lines 1264--1265
 [][][] 
 []

[15 <./diagrams/client-side_diagram1.png>]

pdfTeX warning: pdflatex (file ./diagrams/1.login.pdf): PDF inclusion: found PD
F version <1.7>, but at most version <1.5> allowed
<diagrams/1.login.pdf, id=482, 1445.4pt x 1027.84pt>
File: diagrams/1.login.pdf Graphic file (type pdf)
<use diagrams/1.login.pdf>
Package pdftex.def Info: diagrams/1.login.pdf  used on input line 1316.
(pdftex.def)             Requested size: 208.29353pt x 148.1155pt.


pdfTeX warning: pdflatex (file ./diagrams/1.registration.pdf): PDF inclusion: f
ound PDF version <1.7>, but at most version <1.5> allowed
<diagrams/1.registration.pdf, id=483, 1445.4pt x 1027.84pt>
File: diagrams/1.registration.pdf Graphic file (type pdf)
<use diagrams/1.registration.pdf>
Package pdftex.def Info: diagrams/1.registration.pdf  used on input line 1322.
(pdftex.def)             Requested size: 208.29353pt x 148.1155pt.

LaTeX Warning: `h' float specifier changed to `ht'.



pdfTeX warning: pdflatex (file ./diagrams/2.homepage.pdf): PDF inclusion: found
 PDF version <1.7>, but at most version <1.5> allowed
<diagrams/2.homepage.pdf, id=484, 1453.43pt x 1035.87pt>
File: diagrams/2.homepage.pdf Graphic file (type pdf)
<use diagrams/2.homepage.pdf>
Package pdftex.def Info: diagrams/2.homepage.pdf  used on input line 1334.
(pdftex.def)             Requested size: 208.29353pt x 148.45073pt.


pdfTeX warning: pdflatex (file ./diagrams/5.docs.pdf): PDF inclusion: found PDF
 version <1.7>, but at most version <1.5> allowed
<diagrams/5.docs.pdf, id=485, 1445.4pt x 1027.84pt>
File: diagrams/5.docs.pdf Graphic file (type pdf)
<use diagrams/5.docs.pdf>
Package pdftex.def Info: diagrams/5.docs.pdf  used on input line 1340.
(pdftex.def)             Requested size: 208.29353pt x 148.1155pt.

LaTeX Warning: `h' float specifier changed to `ht'.



pdfTeX warning: pdflatex (file ./diagrams/3.container.pdf): PDF inclusion: foun
d PDF version <1.7>, but at most version <1.5> allowed
<diagrams/3.container.pdf, id=486, 1445.4pt x 1027.84pt>
File: diagrams/3.container.pdf Graphic file (type pdf)
<use diagrams/3.container.pdf>
Package pdftex.def Info: diagrams/3.container.pdf  used on input line 1352.
(pdftex.def)             Requested size: 208.29353pt x 148.1155pt.


pdfTeX warning: pdflatex (file ./diagrams/4.management.pdf): PDF inclusion: fou
nd PDF version <1.7>, but at most version <1.5> allowed
<diagrams/4.management.pdf, id=487, 1445.4pt x 1027.84pt>
File: diagrams/4.management.pdf Graphic file (type pdf)
<use diagrams/4.management.pdf>
Package pdftex.def Info: diagrams/4.management.pdf  used on input line 1358.
(pdftex.def)             Requested size: 208.29353pt x 148.1155pt.

LaTeX Warning: `h' float specifier changed to `ht'.

[16 <./diagrams/client-side_diagram2.png>]

pdfTeX warning: pdflatex (file ./diagrams/1.login-old.pdf): PDF inclusion: foun
d PDF version <1.7>, but at most version <1.5> allowed
<diagrams/1.login-old.pdf, id=498, 1445.4pt x 1027.84pt>
File: diagrams/1.login-old.pdf Graphic file (type pdf)
<use diagrams/1.login-old.pdf>
Package pdftex.def Info: diagrams/1.login-old.pdf  used on input line 1392.
(pdftex.def)             Requested size: 208.29353pt x 148.1155pt.


pdfTeX warning: pdflatex (file ./diagrams/3.container-old.pdf): PDF inclusion: 
found PDF version <1.7>, but at most version <1.5> allowed
<diagrams/3.container-old.pdf, id=499, 1445.4pt x 1027.84pt>
File: diagrams/3.container-old.pdf Graphic file (type pdf)
<use diagrams/3.container-old.pdf>
Package pdftex.def Info: diagrams/3.container-old.pdf  used on input line 1398.

(pdftex.def)             Requested size: 208.29353pt x 148.1155pt.

LaTeX Warning: `h' float specifier changed to `ht'.

<survey-1.png, id=502, 1743.51375pt x 1417.295pt>
File: survey-1.png Graphic file (type png)
<use survey-1.png>
Package pdftex.def Info: survey-1.png  used on input line 1418.
(pdftex.def)             Requested size: 470.755pt x 382.67476pt.

Overfull \hbox (32.24088pt too wide) in paragraph at lines 1418--1419
 [][] 
 []


LaTeX Warning: `!h' float specifier changed to `!ht'.

<survey-2.png, id=503, 1745.52126pt x 1077.02374pt>
File: survey-2.png Graphic file (type png)
<use survey-2.png>
Package pdftex.def Info: survey-2.png  used on input line 1425.
(pdftex.def)             Requested size: 471.29704pt x 290.8003pt.

Overfull \hbox (32.78291pt too wide) in paragraph at lines 1425--1426
 [][] 
 []


LaTeX Warning: `!h' float specifier changed to `!ht'.

[17] [18]

pdfTeX warning: pdflatex (file ./diagrams/architecture.drawio.pdf): PDF inclusi
on: found PDF version <1.7>, but at most version <1.5> allowed
<diagrams/architecture.drawio.pdf, id=519, 522.99388pt x 297.02968pt>
File: diagrams/architecture.drawio.pdf Graphic file (type pdf)
<use diagrams/architecture.drawio.pdf>
Package pdftex.def Info: diagrams/architecture.drawio.pdf  used on input line 1
476.
(pdftex.def)             Requested size: 366.09322pt x 207.91934pt.

LaTeX Warning: `!h' float specifier changed to `!ht'.

[19 <./diagrams/1.login.pdf> <./diagrams/1.registration.pdf> <./diagrams/2.home
page.pdf> <./diagrams/5.docs.pdf>] [20 <./diagrams/3.container.pdf> <./diagrams
/4.management.pdf> <./diagrams/1.login-old.pdf> <./diagrams/3.container-old.pdf
>] [21 <./survey-1.png>] [22 <./survey-2.png> <./diagrams/architecture.drawio.p
df>]
Overfull \hbox (4.83652pt too wide) in paragraph at lines 1560--1562
[]\T1/cmr/bx/n/10 ports\T1/cmr/m/n/10 : links ports be-tween the host and the c
on-tainer in such a way to al-low inter-communication. 
 []


! Package biblatex Error: '\bibliographystyle' invalid for 'biblatex'.

See the biblatex package documentation for explanation.
Type  H <return>  for immediate help.
 ...                                              
                                                  
l.1619 \bibliographystyle{plain}
                                
Use the package option 'style' instead.
I'm ignoring this command.

[23] [24] (./main.aux)

LaTeX Warning: There were multiply-defined labels.

Package rerunfilecheck Info: File `main.out' has not changed.
(rerunfilecheck)             Checksum: 2DB8EF3A1678FA78B2E4CCE14F8164C1;4152.
Package logreq Info: Writing requests to 'main.run.xml'.
\openout1 = `main.run.xml'.

 ) 
Here is how much of TeX's memory you used:
 60808 strings out of 477985
 1391382 string characters out of 5840059
 2255018 words of memory out of 5000000
 79986 multiletter control sequences out of 15000+600000
 531092 words of font info for 78 fonts, out of 8000000 for 9000
 14 hyphenation exceptions out of 8191
 155i,24n,184p,1619b,5302s stack positions out of 10000i,1000n,20000p,200000b,200000s
</usr/share/texmf-dist/fonts/type1/public/amsfonts/cm/cmmi10.pfb></usr/share/
texmf-dist/fonts/type1/public/amsfonts/cm/cmr10.pfb></usr/share/texmf-dist/font
s/type1/public/cm-super/sfbx1000.pfb></usr/share/texmf-dist/fonts/type1/public/
cm-super/sfbx1200.pfb></usr/share/texmf-dist/fonts/type1/public/cm-super/sfbx14
40.pfb></usr/share/texmf-dist/fonts/type1/public/cm-super/sfrm0600.pfb></usr/sh
are/texmf-dist/fonts/type1/public/cm-super/sfrm0700.pfb></usr/share/texmf-dist/
fonts/type1/public/cm-super/sfrm0800.pfb></usr/share/texmf-dist/fonts/type1/pub
lic/cm-super/sfrm0900.pfb></usr/share/texmf-dist/fonts/type1/public/cm-super/sf
rm1000.pfb></usr/share/texmf-dist/fonts/type1/public/cm-super/sfrm1200.pfb></us
r/share/texmf-dist/fonts/type1/public/cm-super/sfrm1728.pfb></usr/share/texmf-d
ist/fonts/type1/public/cm-super/sfti0600.pfb></usr/share/texmf-dist/fonts/type1
/public/cm-super/sfti0700.pfb></usr/share/texmf-dist/fonts/type1/public/cm-supe
r/sfti1000.pfb></usr/share/texmf-dist/fonts/type1/public/cm-super/sftt0900.pfb>
</usr/share/texmf-dist/fonts/type1/public/cm-super/sftt1000.pfb></usr/share/tex
mf-dist/fonts/type1/urw/zapfding/uzdr.pfb>
Output written on main.pdf (24 pages, 14121653 bytes).
PDF statistics:
 3381 PDF objects out of 3580 (max. 8388607)
 1946 compressed objects within 20 object streams
 258 named destinations out of 1000 (max. 500000)
 511 words of extra memory for PDF output out of 10000 (max. 10000000)

